2026-04-08 12:22:45,111 - TutorRAG - INFO - Logging initialized successfully.
2026-04-08 12:32:51,156 - TutorRAG - INFO - Logging initialized successfully.
2026-04-08 12:32:51,157 - TutorRAG - INFO - Logging initialized successfully.
2026-04-08 12:34:31,657 - TutorRAG - INFO - Logging initialized successfully.
2026-04-08 12:34:31,681 - TutorRAG - INFO - Logging initialized successfully.
2026-04-08 12:36:23,105 - TutorRAG - INFO - Logging initialized successfully.
2026-04-08 12:36:23,106 - TutorRAG - INFO - Logging initialized successfully.
2026-04-08 12:36:43,051 - TutorRAG - INFO - Logging initialized successfully.
2026-04-08 12:39:01,760 - TutorRAG - INFO - Logging initialized successfully.
2026-04-08 12:39:01,800 - TutorRAG - INFO - Logging initialized successfully.
2026-04-08 12:54:22,244 - TutorRAG - INFO - Logging initialized successfully.
2026-04-08 13:00:45,639 - TutorRAG - INFO - Logging initialized successfully.
2026-04-08 13:01:20,691 - TutorRAG - INFO - Logging initialized successfully.
2026-04-08 13:01:20,693 - TutorRAG - INFO - Logging initialized successfully.
2026-04-08 13:01:34,331 - TutorRAG - INFO - Logging initialized successfully.
2026-04-08 13:01:34,331 - TutorRAG - INFO - Logging initialized successfully.
2026-04-08 13:01:36,540 - TutorRAG - INFO - Logging initialized successfully.
2026-04-08 13:01:36,540 - TutorRAG - INFO - Logging initialized successfully.
2026-04-08 13:15:40,191 - TutorRAG - INFO - Logging initialized successfully.
2026-04-08 13:15:40,191 - TutorRAG - INFO - Logging initialized successfully.
2026-04-08 13:21:54,676 - TutorRAG - INFO - Logging initialized successfully.
2026-04-08 13:21:54,676 - TutorRAG - INFO - Logging initialized successfully.
2026-04-08 13:22:05,151 - TutorRAG - INFO - Logging initialized successfully.
2026-04-08 13:22:05,155 - TutorRAG - INFO - Logging initialized successfully.
2026-04-08 13:22:50,421 - TutorRAG - INFO - Logging initialized successfully.
2026-04-08 13:22:50,428 - TutorRAG - INFO - Logging initialized successfully.
2026-04-08 13:23:24,997 - TutorRAG - INFO - Logging initialized successfully.
2026-04-08 13:23:24,997 - TutorRAG - INFO - Logging initialized successfully.
2026-04-08 13:24:00,139 - TutorRAG - INFO - Logging initialized successfully.
2026-04-08 13:24:00,140 - TutorRAG - INFO - Logging initialized successfully.
2026-04-08 13:24:04,151 - TutorRAG - INFO - Logging initialized successfully.
2026-04-08 13:24:04,153 - TutorRAG - INFO - Logging initialized successfully.
2026-04-08 13:24:08,545 - TutorRAG - INFO - Logging initialized successfully.
2026-04-08 13:24:34,816 - TutorRAG - INFO - Logging initialized successfully.
2026-04-08 13:24:34,818 - TutorRAG - INFO - Logging initialized successfully.
2026-04-08 13:24:36,670 - TutorRAG - INFO - Logging initialized successfully.
2026-04-08 13:24:36,672 - TutorRAG - INFO - Logging initialized successfully.
2026-04-08 13:25:17,680 - TutorRAG - INFO - Logging initialized successfully.
2026-04-08 13:25:17,680 - TutorRAG - INFO - Logging initialized successfully.
2026-04-08 13:25:20,157 - TutorRAG - INFO - Logging initialized successfully.
2026-04-08 13:25:20,159 - TutorRAG - INFO - Logging initialized successfully.
2026-04-08 13:25:27,281 - TutorRAG - INFO - Logging initialized successfully.
2026-04-08 13:25:27,281 - TutorRAG - INFO - Logging initialized successfully.
2026-04-08 13:25:32,756 - TutorRAG - INFO - Logging initialized successfully.
2026-04-08 13:25:32,756 - TutorRAG - INFO - Logging initialized successfully.
2026-04-08 13:25:47,347 - TutorRAG - INFO - Logging initialized successfully.
2026-04-08 13:25:47,351 - TutorRAG - INFO - Logging initialized successfully.
2026-04-08 13:25:51,146 - TutorRAG - INFO - Logging initialized successfully.
2026-04-08 13:25:51,146 - TutorRAG - INFO - Logging initialized successfully.
2026-04-08 13:26:13,854 - TutorRAG - INFO - Logging initialized successfully.
2026-04-08 13:26:13,854 - TutorRAG - INFO - Logging initialized successfully.
2026-04-08 13:26:15,984 - TutorRAG - INFO - Logging initialized successfully.
2026-04-08 13:26:15,984 - TutorRAG - INFO - Logging initialized successfully.
2026-04-08 13:26:32,692 - TutorRAG - INFO - Logging initialized successfully.
2026-04-08 13:26:32,692 - TutorRAG - INFO - Logging initialized successfully.
2026-04-08 13:26:37,304 - TutorRAG - INFO - Logging initialized successfully.
2026-04-08 13:26:37,304 - TutorRAG - INFO - Logging initialized successfully.
2026-04-08 13:26:42,531 - TutorRAG - INFO - Logging initialized successfully.
2026-04-08 13:26:42,537 - TutorRAG - INFO - Logging initialized successfully.
2026-04-08 13:26:44,417 - TutorRAG - INFO - Logging initialized successfully.
2026-04-08 13:26:44,417 - TutorRAG - INFO - Logging initialized successfully.
2026-04-08 13:26:56,885 - TutorRAG - INFO - Logging initialized successfully.
2026-04-08 13:26:56,885 - TutorRAG - INFO - Logging initialized successfully.
2026-04-08 13:27:25,779 - TutorRAG - INFO - Logging initialized successfully.
2026-04-08 13:27:25,781 - TutorRAG - INFO - Logging initialized successfully.
2026-04-08 13:27:51,365 - TutorRAG - INFO - Logging initialized successfully.
2026-04-08 13:27:51,367 - TutorRAG - INFO - Logging initialized successfully.
2026-04-08 13:27:53,648 - TutorRAG - INFO - Logging initialized successfully.
2026-04-08 13:27:53,648 - TutorRAG - INFO - Logging initialized successfully.
2026-04-08 13:28:07,863 - TutorRAG - INFO - Logging initialized successfully.
2026-04-08 13:28:30,628 - TutorRAG - INFO - Logging initialized successfully.
2026-04-08 13:28:30,628 - TutorRAG - INFO - Logging initialized successfully.
2026-04-08 13:29:59,945 - TutorRAG - INFO - Logging initialized successfully.
2026-04-08 13:29:59,945 - TutorRAG - INFO - Logging initialized successfully.
2026-04-08 13:30:07,484 - TutorRAG - INFO - Logging initialized successfully.
2026-04-08 13:30:07,486 - TutorRAG - INFO - Logging initialized successfully.
2026-04-08 13:30:40,513 - TutorRAG - INFO - Logging initialized successfully.
2026-04-08 13:30:40,517 - TutorRAG - INFO - Logging initialized successfully.
2026-04-08 13:30:41,417 - TutorRAG - INFO - Logging initialized successfully.
2026-04-08 13:30:41,446 - TutorRAG - INFO - Logging initialized successfully.
2026-04-08 13:39:09,064 - TutorRAG - INFO - Logging initialized successfully.
2026-04-08 13:39:09,068 - TutorRAG - INFO - Logging initialized successfully.
2026-04-08 13:39:40,565 - TutorRAG - INFO - Logging initialized successfully.
2026-04-08 13:39:40,565 - TutorRAG - INFO - Logging initialized successfully.
2026-04-08 13:39:59,293 - TutorRAG - INFO - Logging initialized successfully.
2026-04-08 13:39:59,293 - TutorRAG - INFO - Logging initialized successfully.
2026-04-08 16:25:08,242 - TutorRAG - INFO - Logging initialized successfully.
2026-04-08 16:25:23,414 - TutorRAG - INFO - Logging initialized successfully.
2026-04-08 16:25:23,416 - TutorRAG - INFO - Logging initialized successfully.
2026-04-08 16:25:31,650 - TutorRAG - INFO - Logging initialized successfully.
2026-04-08 16:25:31,654 - TutorRAG - INFO - Logging initialized successfully.
2026-04-08 16:25:39,238 - TutorRAG - INFO - Logging initialized successfully.
2026-04-08 16:25:39,238 - TutorRAG - INFO - Logging initialized successfully.
2026-04-08 16:25:57,012 - TutorRAG - INFO - Logging initialized successfully.
2026-04-08 16:25:57,014 - TutorRAG - INFO - Logging initialized successfully.
2026-04-08 16:26:05,628 - TutorRAG - INFO - Logging initialized successfully.
2026-04-08 16:26:05,629 - TutorRAG - INFO - Logging initialized successfully.
2026-04-08 16:26:15,034 - TutorRAG - INFO - Logging initialized successfully.
2026-04-08 16:26:15,040 - TutorRAG - INFO - Logging initialized successfully.
2026-04-08 16:26:21,126 - TutorRAG - INFO - Logging initialized successfully.
2026-04-08 16:26:21,126 - TutorRAG - INFO - Logging initialized successfully.
2026-04-08 16:26:27,730 - TutorRAG - INFO - Logging initialized successfully.
2026-04-08 16:26:27,730 - TutorRAG - INFO - Logging initialized successfully.
2026-04-08 16:26:45,345 - TutorRAG - INFO - Logging initialized successfully.
2026-04-08 16:26:45,346 - TutorRAG - INFO - Logging initialized successfully.
2026-04-08 16:26:52,606 - TutorRAG - INFO - Logging initialized successfully.
2026-04-08 16:26:52,607 - TutorRAG - INFO - Logging initialized successfully.
2026-04-08 16:27:01,490 - TutorRAG - INFO - Logging initialized successfully.
2026-04-08 16:27:01,495 - TutorRAG - INFO - Logging initialized successfully.
2026-04-08 16:27:18,296 - TutorRAG - INFO - Logging initialized successfully.
2026-04-08 16:27:18,300 - TutorRAG - INFO - Logging initialized successfully.
2026-04-08 16:27:23,571 - TutorRAG - INFO - Logging initialized successfully.
2026-04-08 16:27:23,573 - TutorRAG - INFO - Logging initialized successfully.
2026-04-08 16:27:30,550 - TutorRAG - INFO - Logging initialized successfully.
2026-04-08 16:27:30,554 - TutorRAG - INFO - Logging initialized successfully.
2026-04-08 16:27:36,483 - TutorRAG - INFO - Logging initialized successfully.
2026-04-08 16:27:36,483 - TutorRAG - INFO - Logging initialized successfully.
2026-04-08 16:27:56,338 - TutorRAG - INFO - Logging initialized successfully.
2026-04-08 16:27:56,344 - TutorRAG - INFO - Logging initialized successfully.
2026-04-08 16:28:03,120 - TutorRAG - INFO - Logging initialized successfully.
2026-04-08 16:28:03,122 - TutorRAG - INFO - Logging initialized successfully.
2026-04-08 16:28:10,135 - TutorRAG - INFO - Logging initialized successfully.
2026-04-08 16:28:10,135 - TutorRAG - INFO - Logging initialized successfully.
2026-04-08 16:28:15,522 - TutorRAG - INFO - Logging initialized successfully.
2026-04-08 16:28:15,549 - TutorRAG - INFO - Logging initialized successfully.
2026-04-08 16:28:21,677 - TutorRAG - INFO - Logging initialized successfully.
2026-04-08 16:28:21,679 - TutorRAG - INFO - Logging initialized successfully.
2026-04-08 16:28:32,477 - TutorRAG - INFO - Logging initialized successfully.
2026-04-08 16:28:32,478 - TutorRAG - INFO - Logging initialized successfully.
2026-04-08 16:28:48,216 - TutorRAG - INFO - Logging initialized successfully.
2026-04-08 16:28:48,219 - TutorRAG - INFO - Logging initialized successfully.
2026-04-08 16:28:57,786 - TutorRAG - INFO - Logging initialized successfully.
2026-04-08 16:28:57,792 - TutorRAG - INFO - Logging initialized successfully.
2026-04-08 16:29:12,638 - TutorRAG - INFO - Logging initialized successfully.
2026-04-08 16:29:12,638 - TutorRAG - INFO - Logging initialized successfully.
2026-04-08 16:29:16,969 - TutorRAG - INFO - Logging initialized successfully.
2026-04-08 16:29:16,990 - TutorRAG - INFO - Logging initialized successfully.
2026-04-08 16:29:21,638 - TutorRAG - INFO - Logging initialized successfully.
2026-04-08 16:29:21,682 - TutorRAG - INFO - Logging initialized successfully.
2026-04-08 16:29:29,859 - TutorRAG - INFO - Logging initialized successfully.
2026-04-08 16:29:29,860 - TutorRAG - INFO - Logging initialized successfully.
2026-04-08 16:29:35,357 - TutorRAG - INFO - Logging initialized successfully.
2026-04-08 16:29:35,359 - TutorRAG - INFO - Logging initialized successfully.
2026-04-08 16:29:46,543 - TutorRAG - INFO - Logging initialized successfully.
2026-04-08 16:29:46,547 - TutorRAG - INFO - Logging initialized successfully.
2026-04-08 16:30:45,541 - TutorRAG - INFO - Logging initialized successfully.
2026-04-08 16:30:45,541 - TutorRAG - INFO - Logging initialized successfully.
2026-04-08 16:30:53,940 - TutorRAG - INFO - Logging initialized successfully.
2026-04-08 16:30:53,944 - TutorRAG - INFO - Logging initialized successfully.
2026-04-08 16:30:59,110 - TutorRAG - INFO - Logging initialized successfully.
2026-04-08 16:30:59,111 - TutorRAG - INFO - Logging initialized successfully.
2026-04-08 16:31:06,139 - TutorRAG - INFO - Logging initialized successfully.
2026-04-08 16:31:06,142 - TutorRAG - INFO - Logging initialized successfully.
2026-04-08 16:31:17,160 - TutorRAG - INFO - Logging initialized successfully.
2026-04-08 16:31:17,162 - TutorRAG - INFO - Logging initialized successfully.
2026-04-08 16:31:21,990 - TutorRAG - INFO - Logging initialized successfully.
2026-04-08 16:31:21,990 - TutorRAG - INFO - Logging initialized successfully.
2026-04-08 16:31:30,784 - TutorRAG - INFO - Logging initialized successfully.
2026-04-08 16:31:30,789 - TutorRAG - INFO - Logging initialized successfully.
2026-04-08 16:31:37,874 - TutorRAG - INFO - Logging initialized successfully.
2026-04-08 16:31:37,874 - TutorRAG - INFO - Logging initialized successfully.
2026-04-08 16:31:48,650 - TutorRAG - INFO - Logging initialized successfully.
2026-04-08 16:31:48,651 - TutorRAG - INFO - Logging initialized successfully.
2026-04-08 16:32:16,759 - TutorRAG - INFO - Logging initialized successfully.
2026-04-08 16:32:16,759 - TutorRAG - INFO - Logging initialized successfully.
2026-04-08 16:32:26,553 - TutorRAG - INFO - Logging initialized successfully.
2026-04-08 16:32:26,558 - TutorRAG - INFO - Logging initialized successfully.
2026-04-08 16:32:32,228 - TutorRAG - INFO - Logging initialized successfully.
2026-04-08 16:32:32,235 - TutorRAG - INFO - Logging initialized successfully.
2026-04-08 16:32:54,621 - TutorRAG - INFO - Logging initialized successfully.
2026-04-08 16:32:54,621 - TutorRAG - INFO - Logging initialized successfully.
2026-04-08 16:33:18,470 - TutorRAG - INFO - Logging initialized successfully.
2026-04-08 16:33:18,470 - TutorRAG - INFO - Logging initialized successfully.
2026-04-08 16:33:36,171 - TutorRAG - INFO - Logging initialized successfully.
2026-04-08 16:33:36,173 - TutorRAG - INFO - Logging initialized successfully.
2026-04-08 16:34:12,957 - TutorRAG - INFO - Logging initialized successfully.
2026-04-08 16:34:12,959 - TutorRAG - INFO - Logging initialized successfully.
2026-04-08 16:34:31,483 - TutorRAG - INFO - Logging initialized successfully.
2026-04-08 16:34:31,487 - TutorRAG - INFO - Logging initialized successfully.
2026-04-08 16:35:05,500 - TutorRAG - INFO - Logging initialized successfully.
2026-04-08 16:35:05,517 - TutorRAG - INFO - Logging initialized successfully.
2026-04-08 16:35:13,989 - TutorRAG - INFO - Logging initialized successfully.
2026-04-08 16:35:13,998 - TutorRAG - INFO - Logging initialized successfully.
2026-04-08 16:35:22,053 - TutorRAG - INFO - Logging initialized successfully.
2026-04-08 16:35:22,053 - TutorRAG - INFO - Logging initialized successfully.
2026-04-08 16:35:35,866 - TutorRAG - INFO - Logging initialized successfully.
2026-04-08 16:35:35,867 - TutorRAG - INFO - Logging initialized successfully.
2026-04-08 16:35:44,400 - TutorRAG - INFO - Logging initialized successfully.
2026-04-08 16:35:44,408 - TutorRAG - INFO - Logging initialized successfully.
2026-04-08 16:35:52,333 - TutorRAG - INFO - Logging initialized successfully.
2026-04-08 16:35:52,343 - TutorRAG - INFO - Logging initialized successfully.
2026-04-08 16:35:59,426 - TutorRAG - INFO - Logging initialized successfully.
2026-04-08 16:35:59,429 - TutorRAG - INFO - Logging initialized successfully.
2026-04-08 16:36:05,727 - TutorRAG - INFO - Logging initialized successfully.
2026-04-08 16:36:05,729 - TutorRAG - INFO - Logging initialized successfully.
2026-04-08 16:36:13,562 - TutorRAG - INFO - Logging initialized successfully.
2026-04-08 16:36:13,562 - TutorRAG - INFO - Logging initialized successfully.
2026-04-08 16:36:30,913 - TutorRAG - INFO - Logging initialized successfully.
2026-04-08 16:36:30,913 - TutorRAG - INFO - Logging initialized successfully.
2026-04-08 16:36:38,310 - TutorRAG - INFO - Logging initialized successfully.
2026-04-08 16:36:38,312 - TutorRAG - INFO - Logging initialized successfully.
2026-04-08 16:36:47,182 - TutorRAG - INFO - Logging initialized successfully.
2026-04-08 16:36:47,207 - TutorRAG - INFO - Logging initialized successfully.
2026-04-08 16:36:54,392 - TutorRAG - INFO - Logging initialized successfully.
2026-04-08 16:36:54,413 - TutorRAG - INFO - Logging initialized successfully.
2026-04-08 16:37:20,745 - TutorRAG - INFO - Logging initialized successfully.
2026-04-08 16:37:20,745 - TutorRAG - INFO - Logging initialized successfully.
2026-04-08 16:37:26,436 - TutorRAG - INFO - Logging initialized successfully.
2026-04-08 16:37:26,436 - TutorRAG - INFO - Logging initialized successfully.
2026-04-08 16:37:35,192 - TutorRAG - INFO - Logging initialized successfully.
2026-04-08 16:37:35,195 - TutorRAG - INFO - Logging initialized successfully.
2026-04-08 16:37:45,016 - TutorRAG - INFO - Logging initialized successfully.
2026-04-08 16:37:45,037 - TutorRAG - INFO - Logging initialized successfully.
2026-04-08 16:38:02,457 - TutorRAG - INFO - Logging initialized successfully.
2026-04-08 16:38:02,459 - TutorRAG - INFO - Logging initialized successfully.
2026-04-08 16:40:00,047 - TutorRAG - INFO - Logging initialized successfully.
2026-04-08 16:40:00,059 - TutorRAG - INFO - Logging initialized successfully.
2026-04-08 17:40:02,314 - TutorRAG - INFO - Logging initialized successfully.
2026-04-08 17:40:02,765 - TutorRAG - INFO - Starting TutorRAG backend...
2026-04-08 17:40:02,885 - TutorRAG - INFO - Database tables initialized or already available.
2026-04-08 17:47:56,630 - TutorRAG - INFO - Logging initialized successfully.
2026-04-08 17:47:58,096 - TutorRAG - INFO - Received query request_id=None user_id=user_1 session_id=None
2026-04-08 22:11:03,237 - TutorRAG - INFO - Logging initialized successfully.
2026-04-08 22:11:03,754 - TutorRAG - INFO - Starting TutorRAG backend...
2026-04-08 22:11:03,765 - TutorRAG - INFO - Database tables initialized or already available.
2026-04-08 22:23:19,282 - TutorRAG - INFO - Logging initialized successfully.
2026-04-08 22:23:19,529 - TutorRAG - INFO - Starting TutorRAG backend...
2026-04-08 22:23:19,535 - TutorRAG - INFO - Database tables initialized or already available.
2026-04-08 22:31:47,678 - TutorRAG - INFO - Received query request_id=None user_id=user_1 session_id=None
2026-04-08 22:32:44,803 - TutorRAG.embedder - INFO - Loaded SentenceTransformer model: all-MiniLM-L6-v2
2026-04-08 22:33:20,479 - TutorRAG - INFO - Health check passed: database connection successful.
2026-04-08 22:34:42,446 - TutorRAG.embedder - INFO - Loaded SentenceTransformer model: all-MiniLM-L6-v2
2026-04-08 22:36:25,393 - TutorRAG - INFO - Document metadata created successfully: doc_001
2026-04-08 22:46:01,589 - TutorRAG - WARNING - Document not found: 111
2026-04-08 22:46:34,000 - TutorRAG - INFO - Document metadata created successfully: 9e90b809de474309ae6b95de3a44dd09
2026-04-08 22:47:16,629 - TutorRAG.embedder - INFO - Loaded SentenceTransformer model: all-MiniLM-L6-v2
2026-04-08 22:47:52,014 - TutorRAG - ERROR - Error during document metadata creation.
Traceback (most recent call last):
  File "C:\Users\admin\AppData\Local\pypoetry\Cache\virtualenvs\tutorrag-0B39wcJU-py3.11\Lib\site-packages\sqlalchemy\engine\base.py", line 1967, in _exec_single_context
    self.dialect.do_execute(
  File "C:\Users\admin\AppData\Local\pypoetry\Cache\virtualenvs\tutorrag-0B39wcJU-py3.11\Lib\site-packages\sqlalchemy\engine\default.py", line 952, in do_execute
    cursor.execute(statement, parameters)
  File "C:\Users\admin\AppData\Local\pypoetry\Cache\virtualenvs\tutorrag-0B39wcJU-py3.11\Lib\site-packages\sqlalchemy\dialects\sqlite\aiosqlite.py", line 182, in execute
    self._adapt_connection._handle_exception(error)
  File "C:\Users\admin\AppData\Local\pypoetry\Cache\virtualenvs\tutorrag-0B39wcJU-py3.11\Lib\site-packages\sqlalchemy\dialects\sqlite\aiosqlite.py", line 342, in _handle_exception
    raise error
  File "C:\Users\admin\AppData\Local\pypoetry\Cache\virtualenvs\tutorrag-0B39wcJU-py3.11\Lib\site-packages\sqlalchemy\dialects\sqlite\aiosqlite.py", line 164, in execute
    self.await_(_cursor.execute(operation, parameters))
  File "C:\Users\admin\AppData\Local\pypoetry\Cache\virtualenvs\tutorrag-0B39wcJU-py3.11\Lib\site-packages\sqlalchemy\util\_concurrency_py3k.py", line 132, in await_only
    return current.parent.switch(awaitable)  # type: ignore[no-any-return,attr-defined] # noqa: E501
           ^^^^^^^^^^^^^^^^^^^^^^^^^^^^^^^^
  File "C:\Users\admin\AppData\Local\pypoetry\Cache\virtualenvs\tutorrag-0B39wcJU-py3.11\Lib\site-packages\sqlalchemy\util\_concurrency_py3k.py", line 196, in greenlet_spawn
    value = await result
            ^^^^^^^^^^^^
  File "C:\Users\admin\AppData\Local\pypoetry\Cache\virtualenvs\tutorrag-0B39wcJU-py3.11\Lib\site-packages\aiosqlite\cursor.py", line 48, in execute
    await self._execute(self._cursor.execute, sql, parameters)
  File "C:\Users\admin\AppData\Local\pypoetry\Cache\virtualenvs\tutorrag-0B39wcJU-py3.11\Lib\site-packages\aiosqlite\cursor.py", line 40, in _execute
    return await self._conn._execute(fn, *args, **kwargs)
           ^^^^^^^^^^^^^^^^^^^^^^^^^^^^^^^^^^^^^^^^^^^^^^
  File "C:\Users\admin\AppData\Local\pypoetry\Cache\virtualenvs\tutorrag-0B39wcJU-py3.11\Lib\site-packages\aiosqlite\core.py", line 132, in _execute
    return await future
           ^^^^^^^^^^^^
  File "C:\Users\admin\AppData\Local\pypoetry\Cache\virtualenvs\tutorrag-0B39wcJU-py3.11\Lib\site-packages\aiosqlite\core.py", line 115, in run
    result = function()
             ^^^^^^^^^^
sqlite3.IntegrityError: UNIQUE constraint failed: documents.document_id

The above exception was the direct cause of the following exception:

Traceback (most recent call last):
  File "C:\Users\admin\HCMUT\Project\RAG\Main\app\api\routes_documents.py", line 25, in upload_document
    new_doc = await doc_repo.create(doc_data, db)
              ^^^^^^^^^^^^^^^^^^^^^^^^^^^^^^^^^^^
  File "C:\Users\admin\HCMUT\Project\RAG\Main\app\db\repositories\document_repo.py", line 59, in create
    await db.commit()
  File "C:\Users\admin\AppData\Local\pypoetry\Cache\virtualenvs\tutorrag-0B39wcJU-py3.11\Lib\site-packages\sqlalchemy\ext\asyncio\session.py", line 1000, in commit
    await greenlet_spawn(self.sync_session.commit)
  File "C:\Users\admin\AppData\Local\pypoetry\Cache\virtualenvs\tutorrag-0B39wcJU-py3.11\Lib\site-packages\sqlalchemy\util\_concurrency_py3k.py", line 203, in greenlet_spawn
    result = context.switch(value)
             ^^^^^^^^^^^^^^^^^^^^^
  File "C:\Users\admin\AppData\Local\pypoetry\Cache\virtualenvs\tutorrag-0B39wcJU-py3.11\Lib\site-packages\sqlalchemy\orm\session.py", line 2030, in commit
    trans.commit(_to_root=True)
  File "<string>", line 2, in commit
  File "C:\Users\admin\AppData\Local\pypoetry\Cache\virtualenvs\tutorrag-0B39wcJU-py3.11\Lib\site-packages\sqlalchemy\orm\state_changes.py", line 137, in _go
    ret_value = fn(self, *arg, **kw)
                ^^^^^^^^^^^^^^^^^^^^
  File "C:\Users\admin\AppData\Local\pypoetry\Cache\virtualenvs\tutorrag-0B39wcJU-py3.11\Lib\site-packages\sqlalchemy\orm\session.py", line 1311, in commit
    self._prepare_impl()
  File "<string>", line 2, in _prepare_impl
  File "C:\Users\admin\AppData\Local\pypoetry\Cache\virtualenvs\tutorrag-0B39wcJU-py3.11\Lib\site-packages\sqlalchemy\orm\state_changes.py", line 137, in _go
    ret_value = fn(self, *arg, **kw)
                ^^^^^^^^^^^^^^^^^^^^
  File "C:\Users\admin\AppData\Local\pypoetry\Cache\virtualenvs\tutorrag-0B39wcJU-py3.11\Lib\site-packages\sqlalchemy\orm\session.py", line 1286, in _prepare_impl
    self.session.flush()
  File "C:\Users\admin\AppData\Local\pypoetry\Cache\virtualenvs\tutorrag-0B39wcJU-py3.11\Lib\site-packages\sqlalchemy\orm\session.py", line 4331, in flush
    self._flush(objects)
  File "C:\Users\admin\AppData\Local\pypoetry\Cache\virtualenvs\tutorrag-0B39wcJU-py3.11\Lib\site-packages\sqlalchemy\orm\session.py", line 4466, in _flush
    with util.safe_reraise():
  File "C:\Users\admin\AppData\Local\pypoetry\Cache\virtualenvs\tutorrag-0B39wcJU-py3.11\Lib\site-packages\sqlalchemy\util\langhelpers.py", line 121, in __exit__
    raise exc_value.with_traceback(exc_tb)
  File "C:\Users\admin\AppData\Local\pypoetry\Cache\virtualenvs\tutorrag-0B39wcJU-py3.11\Lib\site-packages\sqlalchemy\orm\session.py", line 4427, in _flush
    flush_context.execute()
  File "C:\Users\admin\AppData\Local\pypoetry\Cache\virtualenvs\tutorrag-0B39wcJU-py3.11\Lib\site-packages\sqlalchemy\orm\unitofwork.py", line 466, in execute
    rec.execute(self)
  File "C:\Users\admin\AppData\Local\pypoetry\Cache\virtualenvs\tutorrag-0B39wcJU-py3.11\Lib\site-packages\sqlalchemy\orm\unitofwork.py", line 642, in execute
    util.preloaded.orm_persistence.save_obj(
  File "C:\Users\admin\AppData\Local\pypoetry\Cache\virtualenvs\tutorrag-0B39wcJU-py3.11\Lib\site-packages\sqlalchemy\orm\persistence.py", line 93, in save_obj
    _emit_insert_statements(
  File "C:\Users\admin\AppData\Local\pypoetry\Cache\virtualenvs\tutorrag-0B39wcJU-py3.11\Lib\site-packages\sqlalchemy\orm\persistence.py", line 1048, in _emit_insert_statements
    result = connection.execute(
             ^^^^^^^^^^^^^^^^^^^
  File "C:\Users\admin\AppData\Local\pypoetry\Cache\virtualenvs\tutorrag-0B39wcJU-py3.11\Lib\site-packages\sqlalchemy\engine\base.py", line 1419, in execute
    return meth(
           ^^^^^
  File "C:\Users\admin\AppData\Local\pypoetry\Cache\virtualenvs\tutorrag-0B39wcJU-py3.11\Lib\site-packages\sqlalchemy\sql\elements.py", line 527, in _execute_on_connection
    return connection._execute_clauseelement(
           ^^^^^^^^^^^^^^^^^^^^^^^^^^^^^^^^^^
  File "C:\Users\admin\AppData\Local\pypoetry\Cache\virtualenvs\tutorrag-0B39wcJU-py3.11\Lib\site-packages\sqlalchemy\engine\base.py", line 1641, in _execute_clauseelement
    ret = self._execute_context(
          ^^^^^^^^^^^^^^^^^^^^^^
  File "C:\Users\admin\AppData\Local\pypoetry\Cache\virtualenvs\tutorrag-0B39wcJU-py3.11\Lib\site-packages\sqlalchemy\engine\base.py", line 1846, in _execute_context
    return self._exec_single_context(
           ^^^^^^^^^^^^^^^^^^^^^^^^^^
  File "C:\Users\admin\AppData\Local\pypoetry\Cache\virtualenvs\tutorrag-0B39wcJU-py3.11\Lib\site-packages\sqlalchemy\engine\base.py", line 1986, in _exec_single_context
    self._handle_dbapi_exception(
  File "C:\Users\admin\AppData\Local\pypoetry\Cache\virtualenvs\tutorrag-0B39wcJU-py3.11\Lib\site-packages\sqlalchemy\engine\base.py", line 2363, in _handle_dbapi_exception
    raise sqlalchemy_exception.with_traceback(exc_info[2]) from e
  File "C:\Users\admin\AppData\Local\pypoetry\Cache\virtualenvs\tutorrag-0B39wcJU-py3.11\Lib\site-packages\sqlalchemy\engine\base.py", line 1967, in _exec_single_context
    self.dialect.do_execute(
  File "C:\Users\admin\AppData\Local\pypoetry\Cache\virtualenvs\tutorrag-0B39wcJU-py3.11\Lib\site-packages\sqlalchemy\engine\default.py", line 952, in do_execute
    cursor.execute(statement, parameters)
  File "C:\Users\admin\AppData\Local\pypoetry\Cache\virtualenvs\tutorrag-0B39wcJU-py3.11\Lib\site-packages\sqlalchemy\dialects\sqlite\aiosqlite.py", line 182, in execute
    self._adapt_connection._handle_exception(error)
  File "C:\Users\admin\AppData\Local\pypoetry\Cache\virtualenvs\tutorrag-0B39wcJU-py3.11\Lib\site-packages\sqlalchemy\dialects\sqlite\aiosqlite.py", line 342, in _handle_exception
    raise error
  File "C:\Users\admin\AppData\Local\pypoetry\Cache\virtualenvs\tutorrag-0B39wcJU-py3.11\Lib\site-packages\sqlalchemy\dialects\sqlite\aiosqlite.py", line 164, in execute
    self.await_(_cursor.execute(operation, parameters))
  File "C:\Users\admin\AppData\Local\pypoetry\Cache\virtualenvs\tutorrag-0B39wcJU-py3.11\Lib\site-packages\sqlalchemy\util\_concurrency_py3k.py", line 132, in await_only
    return current.parent.switch(awaitable)  # type: ignore[no-any-return,attr-defined] # noqa: E501
           ^^^^^^^^^^^^^^^^^^^^^^^^^^^^^^^^
  File "C:\Users\admin\AppData\Local\pypoetry\Cache\virtualenvs\tutorrag-0B39wcJU-py3.11\Lib\site-packages\sqlalchemy\util\_concurrency_py3k.py", line 196, in greenlet_spawn
    value = await result
            ^^^^^^^^^^^^
  File "C:\Users\admin\AppData\Local\pypoetry\Cache\virtualenvs\tutorrag-0B39wcJU-py3.11\Lib\site-packages\aiosqlite\cursor.py", line 48, in execute
    await self._execute(self._cursor.execute, sql, parameters)
  File "C:\Users\admin\AppData\Local\pypoetry\Cache\virtualenvs\tutorrag-0B39wcJU-py3.11\Lib\site-packages\aiosqlite\cursor.py", line 40, in _execute
    return await self._conn._execute(fn, *args, **kwargs)
           ^^^^^^^^^^^^^^^^^^^^^^^^^^^^^^^^^^^^^^^^^^^^^^
  File "C:\Users\admin\AppData\Local\pypoetry\Cache\virtualenvs\tutorrag-0B39wcJU-py3.11\Lib\site-packages\aiosqlite\core.py", line 132, in _execute
    return await future
           ^^^^^^^^^^^^
  File "C:\Users\admin\AppData\Local\pypoetry\Cache\virtualenvs\tutorrag-0B39wcJU-py3.11\Lib\site-packages\aiosqlite\core.py", line 115, in run
    result = function()
             ^^^^^^^^^^
sqlalchemy.exc.IntegrityError: (sqlite3.IntegrityError) UNIQUE constraint failed: documents.document_id
[SQL: INSERT INTO documents (document_id, user_id, subject, title, source_type, language, file_name, file_path, mime_type, checksum_sha256, status, tags, uploaded_at) VALUES (?, ?, ?, ?, ?, ?, ?, ?, ?, ?, ?, ?, ?)]
[parameters: ('doc_001', 'user_1', 'database', 'Normalization Notes', 'pdf', 'vi', 'normalization.pdf', 'local_storage/normalization.pdf', 'application/pdf', None, 'uploaded', '["normalization", "bcnf"]', '2026-04-08 15:47:52.001739')]
(Background on this error at: https://sqlalche.me/e/20/gkpj)
2026-04-08 22:48:47,883 - TutorRAG - INFO - Received query request_id=None user_id=user_1 session_id=None
2026-04-08 22:48:50,951 - TutorRAG.embedder - INFO - Loaded SentenceTransformer model: all-MiniLM-L6-v2
2026-04-08 22:49:56,867 - TutorRAG - INFO - Received query request_id=None user_id=user_1 session_id=None
2026-04-08 22:49:59,949 - TutorRAG.embedder - INFO - Loaded SentenceTransformer model: all-MiniLM-L6-v2
2026-04-08 22:50:33,934 - TutorRAG - WARNING - Document not found: not_exist
2026-04-08 22:50:47,371 - TutorRAG - WARNING - Document not found: not_exist
2026-04-08 23:31:18,529 - TutorRAG - INFO - Logging initialized successfully.
2026-04-08 23:31:18,837 - TutorRAG - INFO - Starting TutorRAG backend...
2026-04-08 23:31:18,841 - TutorRAG - INFO - Database tables initialized or already available.
2026-04-08 23:37:19,923 - TutorRAG - INFO - Logging initialized successfully.
2026-04-08 23:37:31,855 - TutorRAG - INFO - Logging initialized successfully.
