This is XeTeX, Version 3.141592653-2.6-0.999997 (TeX Live 2025) (preloaded format=xelatex 2025.12.11)  7 APR 2026 20:52
entering extended mode
 restricted \write18 enabled.
 file:line:error style messages enabled.
 %&-line parsing enabled.
**c:/Users/admin/HCMUT/Project/RAG/Main/plan/rag.tex
(c:/Users/admin/HCMUT/Project/RAG/Main/plan/rag.tex
LaTeX2e <2025-11-01>
L3 programming layer <2025-11-14>
(c:/texlive/2025/texmf-dist/tex/latex/base/article.cls
Document Class: article 2025/01/22 v1.4n Standard LaTeX document class
(c:/texlive/2025/texmf-dist/tex/latex/base/size12.clo
File: size12.clo 2025/01/22 v1.4n Standard LaTeX file (size option)
)
\c@part=\count271
\c@section=\count272
\c@subsection=\count273
\c@subsubsection=\count274
\c@paragraph=\count275
\c@subparagraph=\count276
\c@figure=\count277
\c@table=\count278
\abovecaptionskip=\skip49
\belowcaptionskip=\skip50
\bibindent=\dimen148
) (c:/texlive/2025/texmf-dist/tex/latex/geometry/geometry.sty
Package: geometry 2020/01/02 v5.9 Page Geometry
 (c:/texlive/2025/texmf-dist/tex/latex/graphics/keyval.sty
Package: keyval 2022/05/29 v1.15 key=value parser (DPC)
\KV@toks@=\toks17
) (c:/texlive/2025/texmf-dist/tex/generic/iftex/ifvtex.sty
Package: ifvtex 2019/10/25 v1.7 ifvtex legacy package. Use iftex instead.
 (c:/texlive/2025/texmf-dist/tex/generic/iftex/iftex.sty
Package: iftex 2024/12/12 v1.0g TeX engine tests
))
\Gm@cnth=\count279
\Gm@cntv=\count280
\c@Gm@tempcnt=\count281
\Gm@bindingoffset=\dimen149
\Gm@wd@mp=\dimen150
\Gm@odd@mp=\dimen151
\Gm@even@mp=\dimen152
\Gm@layoutwidth=\dimen153
\Gm@layoutheight=\dimen154
\Gm@layouthoffset=\dimen155
\Gm@layoutvoffset=\dimen156
\Gm@dimlist=\toks18
) (c:/texlive/2025/texmf-dist/tex/latex/fontspec/fontspec.sty (c:/texlive/2025/texmf-dist/tex/latex/l3packages/xparse/xparse.sty (c:/texlive/2025/texmf-dist/tex/latex/l3kernel/expl3.sty
Package: expl3 2025-11-14 L3 programming layer (loader) 
 (c:/texlive/2025/texmf-dist/tex/latex/l3backend/l3backend-xetex.def
File: l3backend-xetex.def 2025-10-09 L3 backend support: XeTeX
\g__graphics_track_int=\count282
\g__pdfannot_backend_int=\count283
\g__pdfannot_backend_link_int=\count284
))
Package: xparse 2025-10-09 L3 Experimental document command parser
)
Package: fontspec 2025/09/29 v2.9g Font selection for XeLaTeX and LuaLaTeX
 (c:/texlive/2025/texmf-dist/tex/latex/fontspec/fontspec-xetex.sty
Package: fontspec-xetex 2025/09/29 v2.9g Font selection for XeLaTeX and LuaLaTeX
\l__fontspec_script_int=\count285
\l__fontspec_language_int=\count286
\l__fontspec_strnum_int=\count287
\l__fontspec_tmp_int=\count288
\l__fontspec_tmpa_int=\count289
\l__fontspec_tmpb_int=\count290
\l__fontspec_tmpc_int=\count291
\l__fontspec_em_int=\count292
\l__fontspec_emdef_int=\count293
\l__fontspec_strong_int=\count294
\l__fontspec_strongdef_int=\count295
\l__fontspec_tmpa_dim=\dimen157
\l__fontspec_tmpb_dim=\dimen158
\l__fontspec_tmpc_dim=\dimen159
 (c:/texlive/2025/texmf-dist/tex/latex/base/fontenc.sty
Package: fontenc 2025/07/18 v2.1d Standard LaTeX package
) (c:/texlive/2025/texmf-dist/tex/latex/fontspec/fontspec.cfg))) (c:/texlive/2025/texmf-dist/tex/latex/polyglossia/polyglossia.sty
Package: polyglossia 2025/12/01 v2.9 Modern multilingual typesetting with XeLaTeX and LuaLaTeX
 (c:/texlive/2025/texmf-dist/tex/latex/etoolbox/etoolbox.sty
Package: etoolbox 2025/10/02 v2.5m e-TeX tools for LaTeX (JAW)
\etb@tempcnta=\count296
)
\l_xpg_alias_keyvals_int=\count297
 (c:/texlive/2025/texmf-dist/tex/latex/polyglossia/gloss-latex.ldf
File: gloss-latex.ldf polyglossia: module for default language
)) (c:/texlive/2025/texmf-dist/tex/latex/polyglossia/gloss-vietnamese.ldf
File: gloss-vietnamese.ldf polyglossia: module for Vietnamese
)

Package polyglossia Info: Default language is vietnamese


Package fontspec Info: 
(fontspec)             Font family 'DejaVuSerif(0)' created for font 'DejaVu
(fontspec)             Serif' with options [Ligatures=TeX].
(fontspec)              
(fontspec)              This font family consists of the following NFSS
(fontspec)             series/shapes:
(fontspec)              
(fontspec)             - 'normal' (m/n) with NFSS spec.: <->"DejaVu
(fontspec)             Serif/OT:script=latn;language=dflt;mapping=tex-text;"
(fontspec)             - 'bold' (b/n) with NFSS spec.: <->"DejaVu
(fontspec)             Serif/B/OT:script=latn;language=dflt;mapping=tex-text;"
(fontspec)             - 'italic' (m/it) with NFSS spec.: <->"DejaVu
(fontspec)             Serif/I/OT:script=latn;language=dflt;mapping=tex-text;"
(fontspec)             - 'bold italic' (b/it) with NFSS spec.: <->"DejaVu
(fontspec)             Serif/BI/OT:script=latn;language=dflt;mapping=tex-text;"


Package fontspec Info: 
(fontspec)             Font family 'DejaVuSans(0)' created for font 'DejaVu
(fontspec)             Sans' with options [Ligatures=TeX].
(fontspec)              
(fontspec)              This font family consists of the following NFSS
(fontspec)             series/shapes:
(fontspec)              
(fontspec)             - 'normal' (m/n) with NFSS spec.: <->"DejaVu
(fontspec)             Sans/OT:script=latn;language=dflt;mapping=tex-text;"
(fontspec)             - 'bold' (b/n) with NFSS spec.: <->"DejaVu
(fontspec)             Sans/B/OT:script=latn;language=dflt;mapping=tex-text;"
(fontspec)             - 'italic' (m/it) with NFSS spec.: <->"DejaVu
(fontspec)             Sans/I/OT:script=latn;language=dflt;mapping=tex-text;"
(fontspec)             - 'bold italic' (b/it) with NFSS spec.: <->"DejaVu
(fontspec)             Sans/BI/OT:script=latn;language=dflt;mapping=tex-text;"


Package fontspec Info: 
(fontspec)             Font family 'DejaVuSansMono(0)' created for font
(fontspec)             'DejaVu Sans Mono' with options
(fontspec)             [WordSpace={1,0,0},HyphenChar=None,PunctuationSpace=WordSpace].
(fontspec)              
(fontspec)              This font family consists of the following NFSS
(fontspec)             series/shapes:
(fontspec)              
(fontspec)             - 'normal' (m/n) with NFSS spec.: <->"DejaVu Sans
(fontspec)             Mono/OT:script=latn;language=dflt;"
(fontspec)             - 'bold' (b/n) with NFSS spec.: <->"DejaVu Sans
(fontspec)             Mono/B/OT:script=latn;language=dflt;"
(fontspec)             - 'italic' (m/it) with NFSS spec.: <->"DejaVu Sans
(fontspec)             Mono/I/OT:script=latn;language=dflt;"
(fontspec)             - 'bold italic' (b/it) with NFSS spec.: <->"DejaVu Sans
(fontspec)             Mono/BI/OT:script=latn;language=dflt;"

 (c:/texlive/2025/texmf-dist/tex/latex/xcolor/xcolor.sty
Package: xcolor 2024/09/29 v3.02 LaTeX color extensions (UK)
 (c:/texlive/2025/texmf-dist/tex/latex/graphics-cfg/color.cfg
File: color.cfg 2016/01/02 v1.6 sample color configuration
)
Package xcolor Info: Driver file: xetex.def on input line 274.
 (c:/texlive/2025/texmf-dist/tex/latex/graphics-def/xetex.def
File: xetex.def 2025/11/01 v5.0p Graphics/color driver for xetex
) (c:/texlive/2025/texmf-dist/tex/latex/graphics/mathcolor.ltx)
Package xcolor Info: Model `cmy' substituted by `cmy0' on input line 1349.
Package xcolor Info: Model `RGB' extended on input line 1365.
Package xcolor Info: Model `HTML' substituted by `rgb' on input line 1367.
Package xcolor Info: Model `Hsb' substituted by `hsb' on input line 1368.
Package xcolor Info: Model `tHsb' substituted by `hsb' on input line 1369.
Package xcolor Info: Model `HSB' substituted by `hsb' on input line 1370.
Package xcolor Info: Model `Gray' substituted by `gray' on input line 1371.
Package xcolor Info: Model `wave' substituted by `hsb' on input line 1372.
) (c:/texlive/2025/texmf-dist/tex/latex/hyperref/hyperref.sty
Package: hyperref 2025-07-12 v7.01o Hypertext links for LaTeX
 (c:/texlive/2025/texmf-dist/tex/latex/kvsetkeys/kvsetkeys.sty
Package: kvsetkeys 2022-10-05 v1.19 Key value parser (HO)
) (c:/texlive/2025/texmf-dist/tex/generic/kvdefinekeys/kvdefinekeys.sty
Package: kvdefinekeys 2019-12-19 v1.6 Define keys (HO)
) (c:/texlive/2025/texmf-dist/tex/generic/pdfescape/pdfescape.sty
Package: pdfescape 2019/12/09 v1.15 Implements pdfTeX's escape features (HO)
 (c:/texlive/2025/texmf-dist/tex/generic/ltxcmds/ltxcmds.sty
Package: ltxcmds 2023-12-04 v1.26 LaTeX kernel commands for general use (HO)
) (c:/texlive/2025/texmf-dist/tex/generic/pdftexcmds/pdftexcmds.sty
Package: pdftexcmds 2020-06-27 v0.33 Utility functions of pdfTeX for LuaTeX (HO)
 (c:/texlive/2025/texmf-dist/tex/generic/infwarerr/infwarerr.sty
Package: infwarerr 2019/12/03 v1.5 Providing info/warning/error messages (HO)
)
Package pdftexcmds Info: \pdf@primitive is available.
Package pdftexcmds Info: \pdf@ifprimitive is available.
Package pdftexcmds Info: \pdfdraftmode not found.
)) (c:/texlive/2025/texmf-dist/tex/latex/hycolor/hycolor.sty
Package: hycolor 2020-01-27 v1.10 Color options for hyperref/bookmark (HO)
) (c:/texlive/2025/texmf-dist/tex/latex/hyperref/nameref.sty
Package: nameref 2025-06-21 v2.57 Cross-referencing by name of section
 (c:/texlive/2025/texmf-dist/tex/latex/refcount/refcount.sty
Package: refcount 2019/12/15 v3.6 Data extraction from label references (HO)
) (c:/texlive/2025/texmf-dist/tex/generic/gettitlestring/gettitlestring.sty
Package: gettitlestring 2019/12/15 v1.6 Cleanup title references (HO)
 (c:/texlive/2025/texmf-dist/tex/latex/kvoptions/kvoptions.sty
Package: kvoptions 2022-06-15 v3.15 Key value format for package options (HO)
))
\c@section@level=\count298
) (c:/texlive/2025/texmf-dist/tex/generic/stringenc/stringenc.sty
Package: stringenc 2019/11/29 v1.12 Convert strings between diff. encodings (HO)
)
\@linkdim=\dimen160
\Hy@linkcounter=\count299
\Hy@pagecounter=\count300
 (c:/texlive/2025/texmf-dist/tex/latex/hyperref/pd1enc.def
File: pd1enc.def 2025-07-12 v7.01o Hyperref: PDFDocEncoding definition (HO)
) (c:/texlive/2025/texmf-dist/tex/generic/intcalc/intcalc.sty
Package: intcalc 2019/12/15 v1.3 Expandable calculations with integers (HO)
)
\Hy@SavedSpaceFactor=\count301
 (c:/texlive/2025/texmf-dist/tex/latex/hyperref/puenc.def
File: puenc.def 2025-07-12 v7.01o Hyperref: PDF Unicode definition (HO)
)
Package hyperref Info: Hyper figures OFF on input line 4195.
Package hyperref Info: Link nesting OFF on input line 4200.
Package hyperref Info: Hyper index ON on input line 4203.
Package hyperref Info: Plain pages OFF on input line 4210.
Package hyperref Info: Backreferencing OFF on input line 4215.
Package hyperref Info: Implicit mode ON; LaTeX internals redefined.
Package hyperref Info: Bookmarks ON on input line 4462.
\c@Hy@tempcnt=\count302
 (c:/texlive/2025/texmf-dist/tex/latex/url/url.sty
\Urlmuskip=\muskip17
Package: url 2013/09/16  ver 3.4  Verb mode for urls, etc.
)
LaTeX Info: Redefining \url on input line 4801.
\XeTeXLinkMargin=\dimen161
 (c:/texlive/2025/texmf-dist/tex/generic/bitset/bitset.sty
Package: bitset 2019/12/09 v1.3 Handle bit-vector datatype (HO)
 (c:/texlive/2025/texmf-dist/tex/generic/bigintcalc/bigintcalc.sty
Package: bigintcalc 2019/12/15 v1.5 Expandable calculations on big integers (HO)
))
\Fld@menulength=\count303
\Field@Width=\dimen162
\Fld@charsize=\dimen163
Package hyperref Info: Hyper figures OFF on input line 6078.
Package hyperref Info: Link nesting OFF on input line 6083.
Package hyperref Info: Hyper index ON on input line 6086.
Package hyperref Info: backreferencing OFF on input line 6093.
Package hyperref Info: Link coloring OFF on input line 6098.
Package hyperref Info: Link coloring with OCG OFF on input line 6103.
Package hyperref Info: PDF/A mode OFF on input line 6108.
\Hy@abspage=\count304
\c@Item=\count305
\c@Hfootnote=\count306
)
Package hyperref Info: Driver (autodetected): hxetex.
 (c:/texlive/2025/texmf-dist/tex/latex/hyperref/hxetex.def
File: hxetex.def 2025-07-12 v7.01o Hyperref driver for XeTeX
\pdfm@box=\box53
\c@Hy@AnnotLevel=\count307
\HyField@AnnotCount=\count308
\Fld@listcount=\count309
\c@bookmark@seq@number=\count310
 (c:/texlive/2025/texmf-dist/tex/latex/rerunfilecheck/rerunfilecheck.sty
Package: rerunfilecheck 2025-06-21 v1.11 Rerun checks for auxiliary files (HO)
 (c:/texlive/2025/texmf-dist/tex/generic/uniquecounter/uniquecounter.sty
Package: uniquecounter 2019/12/15 v1.4 Provide unlimited unique counter (HO)
)
Package uniquecounter Info: New unique counter `rerunfilecheck' on input line 284.
)
\Hy@SectionHShift=\skip51
) (c:/texlive/2025/texmf-dist/tex/latex/titlesec/titlesec.sty
Package: titlesec 2025/01/04 v2.17 Sectioning titles
\ttl@box=\box54
\beforetitleunit=\skip52
\aftertitleunit=\skip53
\ttl@plus=\dimen164
\ttl@minus=\dimen165
\ttl@toksa=\toks19
\titlewidth=\dimen166
\titlewidthlast=\dimen167
\titlewidthfirst=\dimen168
) (c:/texlive/2025/texmf-dist/tex/latex/enumitem/enumitem.sty
Package: enumitem 2025/02/06 v3.11 Customized lists
\labelindent=\skip54
\enit@outerparindent=\dimen169
\enit@toks=\toks20
\enit@inbox=\box55
\enit@count@id=\count311
\enitdp@description=\count312
) (c:/texlive/2025/texmf-dist/tex/latex/tools/longtable.sty
Package: longtable 2025-10-13 v4.24 Multi-page Table package (DPC)
\LTleft=\skip55
\LTright=\skip56
\LTpre=\skip57
\LTpost=\skip58
\LTchunksize=\count313
\LTcapwidth=\dimen170
\LT@head=\box56
\LT@firsthead=\box57
\LT@foot=\box58
\LT@lastfoot=\box59
\LT@gbox=\box60
\LT@cols=\count314
\LT@rows=\count315
\c@LT@tables=\count316
\c@LT@chunks=\count317
\LT@p@ftn=\toks21
) (c:/texlive/2025/texmf-dist/tex/latex/tools/tabularx.sty
Package: tabularx 2023/12/11 v2.12a `tabularx' package (DPC)
 (c:/texlive/2025/texmf-dist/tex/latex/tools/array.sty
Package: array 2025/09/25 v2.6n Tabular extension package (FMi)
\col@sep=\dimen171
\ar@mcellbox=\box61
\extrarowheight=\dimen172
\NC@list=\toks22
\extratabsurround=\skip59
\backup@length=\skip60
\ar@cellbox=\box62
)
\TX@col@width=\dimen173
\TX@old@table=\dimen174
\TX@old@col=\dimen175
\TX@target=\dimen176
\TX@delta=\dimen177
\TX@cols=\count318
\TX@ftn=\toks23
) (c:/texlive/2025/texmf-dist/tex/latex/booktabs/booktabs.sty
Package: booktabs 2020/01/12 v1.61803398 Publication quality tables
\heavyrulewidth=\dimen178
\lightrulewidth=\dimen179
\cmidrulewidth=\dimen180
\belowrulesep=\dimen181
\belowbottomsep=\dimen182
\aboverulesep=\dimen183
\abovetopsep=\dimen184
\cmidrulesep=\dimen185
\cmidrulekern=\dimen186
\defaultaddspace=\dimen187
\@cmidla=\count319
\@cmidlb=\count320
\@aboverulesep=\dimen188
\@belowrulesep=\dimen189
\@thisruleclass=\count321
\@lastruleclass=\count322
\@thisrulewidth=\dimen190
) (c:/texlive/2025/texmf-dist/tex/latex/amsmath/amsmath.sty
Package: amsmath 2025/07/09 v2.17z AMS math features
\@mathmargin=\skip61

For additional information on amsmath, use the `?' option.
(c:/texlive/2025/texmf-dist/tex/latex/amsmath/amstext.sty
Package: amstext 2024/11/17 v2.01 AMS text
 (c:/texlive/2025/texmf-dist/tex/latex/amsmath/amsgen.sty
File: amsgen.sty 1999/11/30 v2.0 generic functions
\@emptytoks=\toks24
\ex@=\dimen191
)) (c:/texlive/2025/texmf-dist/tex/latex/amsmath/amsbsy.sty
Package: amsbsy 1999/11/29 v1.2d Bold Symbols
\pmbraise@=\dimen192
) (c:/texlive/2025/texmf-dist/tex/latex/amsmath/amsopn.sty
Package: amsopn 2022/04/08 v2.04 operator names
)
\inf@bad=\count323
LaTeX Info: Redefining \frac on input line 233.
\uproot@=\count324
\leftroot@=\count325
LaTeX Info: Redefining \overline on input line 398.
LaTeX Info: Redefining \colon on input line 409.
\classnum@=\count326
\DOTSCASE@=\count327
LaTeX Info: Redefining \ldots on input line 495.
LaTeX Info: Redefining \dots on input line 498.
LaTeX Info: Redefining \cdots on input line 619.
\Mathstrutbox@=\box63
\strutbox@=\box64
LaTeX Info: Redefining \big on input line 721.
LaTeX Info: Redefining \Big on input line 722.
LaTeX Info: Redefining \bigg on input line 723.
LaTeX Info: Redefining \Bigg on input line 724.
\big@size=\dimen193
LaTeX Font Info:    Redeclaring font encoding OML on input line 742.
LaTeX Font Info:    Redeclaring font encoding OMS on input line 743.
\macc@depth=\count328
LaTeX Info: Redefining \bmod on input line 904.
LaTeX Info: Redefining \pmod on input line 909.
LaTeX Info: Redefining \smash on input line 939.
LaTeX Info: Redefining \relbar on input line 969.
LaTeX Info: Redefining \Relbar on input line 970.
\c@MaxMatrixCols=\count329
\dotsspace@=\muskip18
\c@parentequation=\count330
\dspbrk@lvl=\count331
\tag@help=\toks25
\row@=\count332
\column@=\count333
\maxfields@=\count334
\andhelp@=\toks26
\eqnshift@=\dimen194
\alignsep@=\dimen195
\tagshift@=\dimen196
\tagwidth@=\dimen197
\totwidth@=\dimen198
\lineht@=\dimen199
\@envbody=\toks27
\multlinegap=\skip62
\multlinetaggap=\skip63
\mathdisplay@stack=\toks28
LaTeX Info: Redefining \[ on input line 2950.
LaTeX Info: Redefining \] on input line 2951.
) (c:/texlive/2025/texmf-dist/tex/latex/amsfonts/amssymb.sty
Package: amssymb 2013/01/14 v3.01 AMS font symbols
 (c:/texlive/2025/texmf-dist/tex/latex/amsfonts/amsfonts.sty
Package: amsfonts 2013/01/14 v3.01 Basic AMSFonts support
\symAMSa=\mathgroup4
\symAMSb=\mathgroup5
LaTeX Font Info:    Redeclaring math symbol \hbar on input line 98.
LaTeX Font Info:    Overwriting math alphabet `\mathfrak' in version `bold'
(Font)                  U/euf/m/n --> U/euf/b/n on input line 106.
)) (c:/texlive/2025/texmf-dist/tex/latex/tcolorbox/tcolorbox.sty
Package: tcolorbox 2025/11/28 version 6.9.0 text color boxes
 (c:/texlive/2025/texmf-dist/tex/latex/pgf/frontendlayer/tikz.sty (c:/texlive/2025/texmf-dist/tex/latex/pgf/basiclayer/pgf.sty (c:/texlive/2025/texmf-dist/tex/latex/pgf/utilities/pgfrcs.sty (c:/texlive/2025/texmf-dist/tex/generic/pgf/utilities/pgfutil-common.tex
\pgfutil@everybye=\toks29
\pgfutil@tempdima=\dimen256
\pgfutil@tempdimb=\dimen257
) (c:/texlive/2025/texmf-dist/tex/generic/pgf/utilities/pgfutil-latex.def
\pgfutil@abb=\box65
) (c:/texlive/2025/texmf-dist/tex/generic/pgf/utilities/pgfrcs.code.tex (c:/texlive/2025/texmf-dist/tex/generic/pgf/pgf.revision.tex)
Package: pgfrcs 2025-08-29 v3.1.11a (3.1.11a)
))
Package: pgf 2025-08-29 v3.1.11a (3.1.11a)
 (c:/texlive/2025/texmf-dist/tex/latex/pgf/basiclayer/pgfcore.sty (c:/texlive/2025/texmf-dist/tex/latex/graphics/graphicx.sty
Package: graphicx 2024/12/31 v1.2e Enhanced LaTeX Graphics (DPC,SPQR)
 (c:/texlive/2025/texmf-dist/tex/latex/graphics/graphics.sty
Package: graphics 2024/08/06 v1.4g Standard LaTeX Graphics (DPC,SPQR)
 (c:/texlive/2025/texmf-dist/tex/latex/graphics/trig.sty
Package: trig 2023/12/02 v1.11 sin cos tan (DPC)
) (c:/texlive/2025/texmf-dist/tex/latex/graphics-cfg/graphics.cfg
File: graphics.cfg 2016/06/04 v1.11 sample graphics configuration
)
Package graphics Info: Driver file: xetex.def on input line 106.
)
\Gin@req@height=\dimen258
\Gin@req@width=\dimen259
) (c:/texlive/2025/texmf-dist/tex/latex/pgf/systemlayer/pgfsys.sty (c:/texlive/2025/texmf-dist/tex/generic/pgf/systemlayer/pgfsys.code.tex
Package: pgfsys 2025-08-29 v3.1.11a (3.1.11a)
 (c:/texlive/2025/texmf-dist/tex/generic/pgf/utilities/pgfkeys.code.tex
\pgfkeys@pathtoks=\toks30
\pgfkeys@temptoks=\toks31
 (c:/texlive/2025/texmf-dist/tex/generic/pgf/utilities/pgfkeyslibraryfiltered.code.tex
\pgfkeys@tmptoks=\toks32
))
\pgf@x=\dimen260
\pgf@y=\dimen261
\pgf@xa=\dimen262
\pgf@ya=\dimen263
\pgf@xb=\dimen264
\pgf@yb=\dimen265
\pgf@xc=\dimen266
\pgf@yc=\dimen267
\pgf@xd=\dimen268
\pgf@yd=\dimen269
\w@pgf@writea=\write3
\r@pgf@reada=\read2
\c@pgf@counta=\count335
\c@pgf@countb=\count336
\c@pgf@countc=\count337
\c@pgf@countd=\count338
\t@pgf@toka=\toks33
\t@pgf@tokb=\toks34
\t@pgf@tokc=\toks35
\pgf@sys@id@count=\count339
 (c:/texlive/2025/texmf-dist/tex/generic/pgf/systemlayer/pgf.cfg
File: pgf.cfg 2025-08-29 v3.1.11a (3.1.11a)
)
Driver file for pgf: pgfsys-xetex.def
 (c:/texlive/2025/texmf-dist/tex/generic/pgf/systemlayer/pgfsys-xetex.def
File: pgfsys-xetex.def 2025-08-29 v3.1.11a (3.1.11a)
 (c:/texlive/2025/texmf-dist/tex/generic/pgf/systemlayer/pgfsys-dvipdfmx.def
File: pgfsys-dvipdfmx.def 2025-08-29 v3.1.11a (3.1.11a)
 (c:/texlive/2025/texmf-dist/tex/generic/pgf/systemlayer/pgfsys-common-pdf.def
File: pgfsys-common-pdf.def 2025-08-29 v3.1.11a (3.1.11a)
)
\pgfsys@objnum=\count340
))) (c:/texlive/2025/texmf-dist/tex/generic/pgf/systemlayer/pgfsyssoftpath.code.tex
File: pgfsyssoftpath.code.tex 2025-08-29 v3.1.11a (3.1.11a)
\pgfsyssoftpath@smallbuffer@items=\count341
\pgfsyssoftpath@bigbuffer@items=\count342
) (c:/texlive/2025/texmf-dist/tex/generic/pgf/systemlayer/pgfsysprotocol.code.tex
File: pgfsysprotocol.code.tex 2025-08-29 v3.1.11a (3.1.11a)
)) (c:/texlive/2025/texmf-dist/tex/generic/pgf/basiclayer/pgfcore.code.tex
Package: pgfcore 2025-08-29 v3.1.11a (3.1.11a)
 (c:/texlive/2025/texmf-dist/tex/generic/pgf/math/pgfmath.code.tex (c:/texlive/2025/texmf-dist/tex/generic/pgf/math/pgfmathutil.code.tex) (c:/texlive/2025/texmf-dist/tex/generic/pgf/math/pgfmathparser.code.tex
\pgfmath@dimen=\dimen270
\pgfmath@count=\count343
\pgfmath@box=\box66
\pgfmath@toks=\toks36
\pgfmath@stack@operand=\toks37
\pgfmath@stack@operation=\toks38
) (c:/texlive/2025/texmf-dist/tex/generic/pgf/math/pgfmathfunctions.code.tex) (c:/texlive/2025/texmf-dist/tex/generic/pgf/math/pgfmathfunctions.basic.code.tex) (c:/texlive/2025/texmf-dist/tex/generic/pgf/math/pgfmathfunctions.trigonometric.code.tex) (c:/texlive/2025/texmf-dist/tex/generic/pgf/math/pgfmathfunctions.random.code.tex) (c:/texlive/2025/texmf-dist/tex/generic/pgf/math/pgfmathfunctions.comparison.code.tex) (c:/texlive/2025/texmf-dist/tex/generic/pgf/math/pgfmathfunctions.base.code.tex) (c:/texlive/2025/texmf-dist/tex/generic/pgf/math/pgfmathfunctions.round.code.tex) (c:/texlive/2025/texmf-dist/tex/generic/pgf/math/pgfmathfunctions.misc.code.tex) (c:/texlive/2025/texmf-dist/tex/generic/pgf/math/pgfmathfunctions.integerarithmetics.code.tex) (c:/texlive/2025/texmf-dist/tex/generic/pgf/math/pgfmathcalc.code.tex) (c:/texlive/2025/texmf-dist/tex/generic/pgf/math/pgfmathfloat.code.tex
\c@pgfmathroundto@lastzeros=\count344
)) (c:/texlive/2025/texmf-dist/tex/generic/pgf/math/pgfint.code.tex) (c:/texlive/2025/texmf-dist/tex/generic/pgf/basiclayer/pgfcorepoints.code.tex
File: pgfcorepoints.code.tex 2025-08-29 v3.1.11a (3.1.11a)
\pgf@picminx=\dimen271
\pgf@picmaxx=\dimen272
\pgf@picminy=\dimen273
\pgf@picmaxy=\dimen274
\pgf@pathminx=\dimen275
\pgf@pathmaxx=\dimen276
\pgf@pathminy=\dimen277
\pgf@pathmaxy=\dimen278
\pgf@xx=\dimen279
\pgf@xy=\dimen280
\pgf@yx=\dimen281
\pgf@yy=\dimen282
\pgf@zx=\dimen283
\pgf@zy=\dimen284
) (c:/texlive/2025/texmf-dist/tex/generic/pgf/basiclayer/pgfcorepathconstruct.code.tex
File: pgfcorepathconstruct.code.tex 2025-08-29 v3.1.11a (3.1.11a)
\pgf@path@lastx=\dimen285
\pgf@path@lasty=\dimen286
) (c:/texlive/2025/texmf-dist/tex/generic/pgf/basiclayer/pgfcorepathusage.code.tex
File: pgfcorepathusage.code.tex 2025-08-29 v3.1.11a (3.1.11a)
\pgf@shorten@end@additional=\dimen287
\pgf@shorten@start@additional=\dimen288
) (c:/texlive/2025/texmf-dist/tex/generic/pgf/basiclayer/pgfcorescopes.code.tex
File: pgfcorescopes.code.tex 2025-08-29 v3.1.11a (3.1.11a)
\pgfpic=\box67
\pgf@hbox=\box68
\pgf@layerbox@main=\box69
\pgf@picture@serial@count=\count345
) (c:/texlive/2025/texmf-dist/tex/generic/pgf/basiclayer/pgfcoregraphicstate.code.tex
File: pgfcoregraphicstate.code.tex 2025-08-29 v3.1.11a (3.1.11a)
\pgflinewidth=\dimen289
) (c:/texlive/2025/texmf-dist/tex/generic/pgf/basiclayer/pgfcoretransformations.code.tex
File: pgfcoretransformations.code.tex 2025-08-29 v3.1.11a (3.1.11a)
\pgf@pt@x=\dimen290
\pgf@pt@y=\dimen291
\pgf@pt@temp=\dimen292
) (c:/texlive/2025/texmf-dist/tex/generic/pgf/basiclayer/pgfcorequick.code.tex
File: pgfcorequick.code.tex 2025-08-29 v3.1.11a (3.1.11a)
) (c:/texlive/2025/texmf-dist/tex/generic/pgf/basiclayer/pgfcoreobjects.code.tex
File: pgfcoreobjects.code.tex 2025-08-29 v3.1.11a (3.1.11a)
) (c:/texlive/2025/texmf-dist/tex/generic/pgf/basiclayer/pgfcorepathprocessing.code.tex
File: pgfcorepathprocessing.code.tex 2025-08-29 v3.1.11a (3.1.11a)
) (c:/texlive/2025/texmf-dist/tex/generic/pgf/basiclayer/pgfcorearrows.code.tex
File: pgfcorearrows.code.tex 2025-08-29 v3.1.11a (3.1.11a)
\pgfarrowsep=\dimen293
) (c:/texlive/2025/texmf-dist/tex/generic/pgf/basiclayer/pgfcoreshade.code.tex
File: pgfcoreshade.code.tex 2025-08-29 v3.1.11a (3.1.11a)
\pgf@max=\dimen294
\pgf@sys@shading@range@num=\count346
\pgf@shadingcount=\count347
) (c:/texlive/2025/texmf-dist/tex/generic/pgf/basiclayer/pgfcoreimage.code.tex
File: pgfcoreimage.code.tex 2025-08-29 v3.1.11a (3.1.11a)
) (c:/texlive/2025/texmf-dist/tex/generic/pgf/basiclayer/pgfcoreexternal.code.tex
File: pgfcoreexternal.code.tex 2025-08-29 v3.1.11a (3.1.11a)
\pgfexternal@startupbox=\box70
) (c:/texlive/2025/texmf-dist/tex/generic/pgf/basiclayer/pgfcorelayers.code.tex
File: pgfcorelayers.code.tex 2025-08-29 v3.1.11a (3.1.11a)
) (c:/texlive/2025/texmf-dist/tex/generic/pgf/basiclayer/pgfcoretransparency.code.tex
File: pgfcoretransparency.code.tex 2025-08-29 v3.1.11a (3.1.11a)
) (c:/texlive/2025/texmf-dist/tex/generic/pgf/basiclayer/pgfcorepatterns.code.tex
File: pgfcorepatterns.code.tex 2025-08-29 v3.1.11a (3.1.11a)
) (c:/texlive/2025/texmf-dist/tex/generic/pgf/basiclayer/pgfcorerdf.code.tex
File: pgfcorerdf.code.tex 2025-08-29 v3.1.11a (3.1.11a)
))) (c:/texlive/2025/texmf-dist/tex/generic/pgf/modules/pgfmoduleshapes.code.tex
File: pgfmoduleshapes.code.tex 2025-08-29 v3.1.11a (3.1.11a)
\pgfnodeparttextbox=\box71
) (c:/texlive/2025/texmf-dist/tex/generic/pgf/modules/pgfmoduleplot.code.tex
File: pgfmoduleplot.code.tex 2025-08-29 v3.1.11a (3.1.11a)
) (c:/texlive/2025/texmf-dist/tex/latex/pgf/compatibility/pgfcomp-version-0-65.sty
Package: pgfcomp-version-0-65 2025-08-29 v3.1.11a (3.1.11a)
\pgf@nodesepstart=\dimen295
\pgf@nodesepend=\dimen296
) (c:/texlive/2025/texmf-dist/tex/latex/pgf/compatibility/pgfcomp-version-1-18.sty
Package: pgfcomp-version-1-18 2025-08-29 v3.1.11a (3.1.11a)
)) (c:/texlive/2025/texmf-dist/tex/latex/pgf/utilities/pgffor.sty (c:/texlive/2025/texmf-dist/tex/latex/pgf/utilities/pgfkeys.sty (c:/texlive/2025/texmf-dist/tex/generic/pgf/utilities/pgfkeys.code.tex)) (c:/texlive/2025/texmf-dist/tex/latex/pgf/math/pgfmath.sty (c:/texlive/2025/texmf-dist/tex/generic/pgf/math/pgfmath.code.tex)) (c:/texlive/2025/texmf-dist/tex/generic/pgf/utilities/pgffor.code.tex
Package: pgffor 2025-08-29 v3.1.11a (3.1.11a)
\pgffor@iter=\dimen297
\pgffor@skip=\dimen298
\pgffor@stack=\toks39
\pgffor@toks=\toks40
)) (c:/texlive/2025/texmf-dist/tex/generic/pgf/frontendlayer/tikz/tikz.code.tex
Package: tikz 2025-08-29 v3.1.11a (3.1.11a)
 (c:/texlive/2025/texmf-dist/tex/generic/pgf/libraries/pgflibraryplothandlers.code.tex
File: pgflibraryplothandlers.code.tex 2025-08-29 v3.1.11a (3.1.11a)
\pgf@plot@mark@count=\count348
\pgfplotmarksize=\dimen299
)
\tikz@lastx=\dimen300
\tikz@lasty=\dimen301
\tikz@lastxsaved=\dimen302
\tikz@lastysaved=\dimen303
\tikz@lastmovetox=\dimen304
\tikz@lastmovetoy=\dimen305
\tikzleveldistance=\dimen306
\tikzsiblingdistance=\dimen307
\tikz@figbox=\box72
\tikz@figbox@bg=\box73
\tikz@tempbox=\box74
\tikz@tempbox@bg=\box75
\tikztreelevel=\count349
\tikznumberofchildren=\count350
\tikznumberofcurrentchild=\count351
\tikz@fig@count=\count352
 (c:/texlive/2025/texmf-dist/tex/generic/pgf/modules/pgfmodulematrix.code.tex
File: pgfmodulematrix.code.tex 2025-08-29 v3.1.11a (3.1.11a)
\pgfmatrixcurrentrow=\count353
\pgfmatrixcurrentcolumn=\count354
\pgf@matrix@numberofcolumns=\count355
)
\tikz@expandcount=\count356
 (c:/texlive/2025/texmf-dist/tex/generic/pgf/frontendlayer/tikz/libraries/tikzlibrarytopaths.code.tex
File: tikzlibrarytopaths.code.tex 2025-08-29 v3.1.11a (3.1.11a)
))) (c:/texlive/2025/texmf-dist/tex/latex/tools/verbatim.sty
Package: verbatim 2024-01-22 v1.5x LaTeX2e package for verbatim enhancements
\every@verbatim=\toks41
\verbatim@line=\toks42
\verbatim@in@stream=\read3
) (c:/texlive/2025/texmf-dist/tex/latex/environ/environ.sty
Package: environ 2014/05/04 v0.3 A new way to define environments
 (c:/texlive/2025/texmf-dist/tex/latex/trimspaces/trimspaces.sty
Package: trimspaces 2009/09/17 v1.1 Trim spaces around a token list
))
\tcb@titlebox=\box76
\tcb@upperbox=\box77
\tcb@lowerbox=\box78
\tcb@phantombox=\box79
\c@tcbbreakpart=\count357
\c@tcblayer=\count358
\c@tcolorbox@number=\count359
\l__tcobox_tmpa_box=\box80
\l__tcobox_tmpa_dim=\dimen308
\tcb@temp=\box81
\tcb@temp=\box82
\tcb@temp=\box83
\tcb@temp=\box84
) (c:/texlive/2025/texmf-dist/tex/latex/tcolorbox/tcbbreakable.code.tex
Library (tcolorbox): 'tcbbreakable.code.tex' version '6.9.0'
(c:/texlive/2025/texmf-dist/tex/latex/pdfcol/pdfcol.sty
Package: pdfcol 2022-09-21 v1.7 Handle new color stacks for pdfTeX (HO)
Package pdfcol Info: Interface disabled because of missing PDF mode of pdfTeX.
)
Package pdfcol Info: pdfTeX's color stacks are not available.
\tcb@testbox=\box85
\tcb@totalupperbox=\box86
\tcb@totallowerbox=\box87
) (c:/texlive/2025/texmf-dist/tex/latex/tcolorbox/tcbskins.code.tex
Library (tcolorbox): 'tcbskins.code.tex' version '6.9.0'
(c:/texlive/2025/texmf-dist/tex/latex/tikzfill/tikzfill.image.sty
Package: tikzfill.image 2023/08/08 v1.0.1 Image filling library for TikZ
 (c:/texlive/2025/texmf-dist/tex/latex/tikzfill/tikzfill-common.sty
Package: tikzfill-common 2023/08/08 v1.0.1 Auxiliary code for tikzfill
) (c:/texlive/2025/texmf-dist/tex/latex/tikzfill/tikzlibraryfill.image.code.tex
File: tikzlibraryfill.image.code.tex 2023/08/08 v1.0.1 Image filling library
\l__tikzfill_img_box=\box88
)) (c:/texlive/2025/texmf-dist/tex/latex/tcolorbox/tcbskinsjigsaw.code.tex
Library (tcolorbox): 'tcbskinsjigsaw.code.tex' version '6.9.0'
)) (c:/texlive/2025/texmf-dist/tex/latex/listings/listings.sty
\lst@mode=\count360
\lst@gtempboxa=\box89
\lst@token=\toks43
\lst@length=\count361
\lst@currlwidth=\dimen309
\lst@column=\count362
\lst@pos=\count363
\lst@lostspace=\dimen310
\lst@width=\dimen311
\lst@newlines=\count364
\lst@lineno=\count365
\lst@maxwidth=\dimen312
 (c:/texlive/2025/texmf-dist/tex/latex/listings/lstpatch.sty
File: lstpatch.sty 2025/11/14 1.11b (Carsten Heinz)
) (c:/texlive/2025/texmf-dist/tex/latex/listings/lstmisc.sty
File: lstmisc.sty 2025/11/14 1.11b (Carsten Heinz)
\c@lstnumber=\count366
\lst@skipnumbers=\count367
\lst@framebox=\box90
) (c:/texlive/2025/texmf-dist/tex/latex/listings/listings.cfg
File: listings.cfg 2025/11/14 1.11b listings configuration
))
Package: listings 2025/11/14 1.11b (Carsten Heinz)

==> First Aid for listings.sty no longer applied!
    Expected:
        2024/09/23 1.10c (Carsten Heinz)
    but found:
        2025/11/14 1.11b (Carsten Heinz)
    so I'm assuming it got fixed.
(c:/texlive/2025/texmf-dist/tex/latex/fancyhdr/fancyhdr.sty
Package: fancyhdr 2025/02/07 v5.2 Extensive control of page headers and footers
\f@nch@headwidth=\skip64
\f@nch@offset@elh=\skip65
\f@nch@offset@erh=\skip66
\f@nch@offset@olh=\skip67
\f@nch@offset@orh=\skip68
\f@nch@offset@elf=\skip69
\f@nch@offset@erf=\skip70
\f@nch@offset@olf=\skip71
\f@nch@offset@orf=\skip72
\f@nch@height=\skip73
\f@nch@footalignment=\skip74
\f@nch@widthL=\skip75
\f@nch@widthC=\skip76
\f@nch@widthR=\skip77
\@temptokenb=\toks44
) (c:/texlive/2025/texmf-dist/tex/latex/lastpage/lastpage.sty
Package: lastpage 2025/08/14 v2.1h lastpage: 2.09 or 2e? (HMM)
 (c:/texlive/2025/texmf-dist/tex/latex/lastpage/lastpage2e.sty
Package: lastpage2e 2025/08/14 v2.1h Decide which 2e lastpage version to use (HMM)
 (c:/texlive/2025/texmf-dist/tex/latex/lastpage/lastpagemodern.sty
Package: lastpagemodern 2025-08-14 v2.1h Refers to last page's name (HMM; JPG)
\c@lastpagecount=\count368
) 
)) (c:/texlive/2025/texmf-dist/tex/latex/setspace/setspace.sty
Package: setspace 2022/12/04 v6.7b set line spacing
)
Package hyperref Info: Option `colorlinks' set `true' on input line 42.
 (./rag.aux)
\openout1 = `rag.aux'.

LaTeX Font Info:    Checking defaults for OML/cmm/m/it on input line 111.
LaTeX Font Info:    ... okay on input line 111.
LaTeX Font Info:    Checking defaults for OMS/cmsy/m/n on input line 111.
LaTeX Font Info:    ... okay on input line 111.
LaTeX Font Info:    Checking defaults for OT1/cmr/m/n on input line 111.
LaTeX Font Info:    ... okay on input line 111.
LaTeX Font Info:    Checking defaults for T1/cmr/m/n on input line 111.
LaTeX Font Info:    ... okay on input line 111.
LaTeX Font Info:    Checking defaults for TS1/cmr/m/n on input line 111.
LaTeX Font Info:    ... okay on input line 111.
LaTeX Font Info:    Checking defaults for TU/lmr/m/n on input line 111.
LaTeX Font Info:    ... okay on input line 111.
LaTeX Font Info:    Checking defaults for OMX/cmex/m/n on input line 111.
LaTeX Font Info:    ... okay on input line 111.
LaTeX Font Info:    Checking defaults for U/cmr/m/n on input line 111.
LaTeX Font Info:    ... okay on input line 111.
LaTeX Font Info:    Checking defaults for PD1/pdf/m/n on input line 111.
LaTeX Font Info:    ... okay on input line 111.
LaTeX Font Info:    Checking defaults for PU/pdf/m/n on input line 111.
LaTeX Font Info:    ... okay on input line 111.

*geometry* driver: auto-detecting
*geometry* detected driver: xetex
*geometry* verbose mode - [ preamble ] result:
* driver: xetex
* paper: a4paper
* layout: <same size as paper>
* layoutoffset:(h,v)=(0.0pt,0.0pt)
* modes: 
* h-part:(L,W,R)=(62.59596pt, 472.31595pt, 62.59596pt)
* v-part:(T,H,B)=(62.59596pt, 719.85492pt, 62.59596pt)
* \paperwidth=597.50787pt
* \paperheight=845.04684pt
* \textwidth=472.31595pt
* \textheight=719.85492pt
* \oddsidemargin=-9.67403pt
* \evensidemargin=-9.67403pt
* \topmargin=-46.67403pt
* \headheight=16.0pt
* \headsep=25.0pt
* \topskip=12.0pt
* \footskip=30.0pt
* \marginparwidth=35.0pt
* \marginparsep=10.0pt
* \columnsep=10.0pt
* \skip\footins=10.8pt plus 4.0pt minus 2.0pt
* \hoffset=0.0pt
* \voffset=0.0pt
* \mag=1000
* \@twocolumnfalse
* \@twosidefalse
* \@mparswitchfalse
* \@reversemarginfalse
* (1in=72.27pt=25.4mm, 1cm=28.453pt)


Package fontspec Info: 
(fontspec)             Adjusting the maths setup (use [no-math] to avoid
(fontspec)             this).

\symlegacymaths=\mathgroup6
LaTeX Font Info:    Overwriting symbol font `legacymaths' in version `bold'
(Font)                  OT1/cmr/m/n --> OT1/cmr/bx/n on input line 111.
LaTeX Font Info:    Redeclaring math accent \acute on input line 111.
LaTeX Font Info:    Redeclaring math accent \grave on input line 111.
LaTeX Font Info:    Redeclaring math accent \ddot on input line 111.
LaTeX Font Info:    Redeclaring math accent \tilde on input line 111.
LaTeX Font Info:    Redeclaring math accent \bar on input line 111.
LaTeX Font Info:    Redeclaring math accent \breve on input line 111.
LaTeX Font Info:    Redeclaring math accent \check on input line 111.
LaTeX Font Info:    Redeclaring math accent \hat on input line 111.
LaTeX Font Info:    Redeclaring math accent \dot on input line 111.
LaTeX Font Info:    Redeclaring math accent \mathring on input line 111.
LaTeX Font Info:    Redeclaring math symbol \Gamma on input line 111.
LaTeX Font Info:    Redeclaring math symbol \Delta on input line 111.
LaTeX Font Info:    Redeclaring math symbol \Theta on input line 111.
LaTeX Font Info:    Redeclaring math symbol \Lambda on input line 111.
LaTeX Font Info:    Redeclaring math symbol \Xi on input line 111.
LaTeX Font Info:    Redeclaring math symbol \Pi on input line 111.
LaTeX Font Info:    Redeclaring math symbol \Sigma on input line 111.
LaTeX Font Info:    Redeclaring math symbol \Upsilon on input line 111.
LaTeX Font Info:    Redeclaring math symbol \Phi on input line 111.
LaTeX Font Info:    Redeclaring math symbol \Psi on input line 111.
LaTeX Font Info:    Redeclaring math symbol \Omega on input line 111.
LaTeX Font Info:    Redeclaring math symbol \mathdollar on input line 111.
LaTeX Font Info:    Redeclaring symbol font `operators' on input line 111.
LaTeX Font Info:    Encoding `OT1' has changed to `TU' for symbol font
(Font)              `operators' in the math version `normal' on input line 111.
LaTeX Font Info:    Overwriting symbol font `operators' in version `normal'
(Font)                  OT1/cmr/m/n --> TU/DejaVuSerif(0)/m/n on input line 111.
LaTeX Font Info:    Encoding `OT1' has changed to `TU' for symbol font
(Font)              `operators' in the math version `bold' on input line 111.
LaTeX Font Info:    Overwriting symbol font `operators' in version `bold'
(Font)                  OT1/cmr/bx/n --> TU/DejaVuSerif(0)/m/n on input line 111.
LaTeX Font Info:    Overwriting symbol font `operators' in version `normal'
(Font)                  TU/DejaVuSerif(0)/m/n --> TU/DejaVuSerif(0)/m/n on input line 111.
LaTeX Font Info:    Overwriting math alphabet `\mathit' in version `normal'
(Font)                  OT1/cmr/m/it --> TU/DejaVuSerif(0)/m/it on input line 111.
LaTeX Font Info:    Overwriting math alphabet `\mathbf' in version `normal'
(Font)                  OT1/cmr/bx/n --> TU/DejaVuSerif(0)/b/n on input line 111.
LaTeX Font Info:    Overwriting math alphabet `\mathsf' in version `normal'
(Font)                  OT1/cmss/m/n --> TU/DejaVuSans(0)/m/n on input line 111.
LaTeX Font Info:    Overwriting math alphabet `\mathtt' in version `normal'
(Font)                  OT1/cmtt/m/n --> TU/DejaVuSansMono(0)/m/n on input line 111.
LaTeX Font Info:    Overwriting symbol font `operators' in version `bold'
(Font)                  TU/DejaVuSerif(0)/m/n --> TU/DejaVuSerif(0)/b/n on input line 111.
LaTeX Font Info:    Overwriting math alphabet `\mathit' in version `bold'
(Font)                  OT1/cmr/bx/it --> TU/DejaVuSerif(0)/b/it on input line 111.
LaTeX Font Info:    Overwriting math alphabet `\mathsf' in version `bold'
(Font)                  OT1/cmss/bx/n --> TU/DejaVuSans(0)/b/n on input line 111.
LaTeX Font Info:    Overwriting math alphabet `\mathtt' in version `bold'
(Font)                  OT1/cmtt/m/n --> TU/DejaVuSansMono(0)/b/n on input line 111.
Package hyperref Info: Link coloring ON on input line 111.
(./rag.out) (./rag.out)
\@outlinefile=\write4
\openout4 = `rag.out'.

\c@lstlisting=\count369
 [1

] (./rag.toc
LaTeX Font Info:    Trying to load font information for U+msa on input line 5.
 (c:/texlive/2025/texmf-dist/tex/latex/amsfonts/umsa.fd
File: umsa.fd 2013/01/14 v3.01 AMS symbols A
)
LaTeX Font Info:    Trying to load font information for U+msb on input line 5.
 (c:/texlive/2025/texmf-dist/tex/latex/amsfonts/umsb.fd
File: umsb.fd 2013/01/14 v3.01 AMS symbols B
) [1])
\tf@toc=\write5
\openout5 = `rag.toc'.

 [2]
Overfull \hbox (10.93857pt too wide) in paragraph at lines 145--146
[]\TU/DejaVuSerif(0)/m/n/12 Kết nối nhiều đoạn làm bằng chứng để suy luận, so sánh, giải thích \TU/DejaVuSerif(0)/m/it/12 why/how\TU/DejaVuSerif(0)/m/n/12 . 
 []


Overfull \hbox (1.11217pt too wide) in paragraph at lines 160--160
[]|\TU/DejaVuSerif(0)/b/n/12 Bước| 
 []


Overfull \hbox (10.21382pt too wide) in alignment at lines 158--162
 [] [] [] [] 
 []


Underfull \hbox (badness 1668) in paragraph at lines 163--163
[]|\TU/DejaVuSerif(0)/m/n/12 Mục tiêu đề tài, user
 []


Underfull \hbox (badness 4819) in paragraph at lines 164--165
\TU/DejaVuSerif(0)/m/n/12 chunk, query, answer,
 []


Underfull \hbox (badness 5878) in paragraph at lines 165--165
\TU/DejaVuSerif(0)/m/n/12 thư mục và hạ
 []


Underfull \hbox (badness 10000) in paragraph at lines 165--166
[]|\TU/DejaVuSerif(0)/m/n/12 Project skeleton,
 []


Underfull \hbox (badness 10000) in paragraph at lines 166--166
[]|\TU/DejaVuSerif(0)/m/n/12 PDF/DOCX/PPTX/TXT
 []


Underfull \hbox (badness 6316) in paragraph at lines 166--167
[]|\TU/DejaVuSerif(0)/m/n/12 File gốc + metadata
 []


Underfull \hbox (badness 6316) in paragraph at lines 167--167
[]|\TU/DejaVuSerif(0)/m/n/12 File gốc + metadata
 []


Underfull \hbox (badness 10000) in paragraph at lines 167--168
[]|\TU/DejaVuSerif(0)/m/n/12 Văn bản thô theo
 []


Underfull \hbox (badness 10000) in paragraph at lines 168--168
[]|\TU/DejaVuSerif(0)/m/n/12 Normalize nội
 []


Underfull \hbox (badness 10000) in paragraph at lines 168--169
[]|\TU/DejaVuSerif(0)/m/n/12 Nội dung sạch, bỏ
 []


Underfull \hbox (badness 10000) in paragraph at lines 169--169
[]|\TU/DejaVuSerif(0)/m/n/12 Chunking theo
 []


Underfull \hbox (badness 7238) in paragraph at lines 169--170
[]|\TU/DejaVuSerif(0)/m/n/12 Danh sách chunk có
 []


Underfull \hbox (badness 10000) in paragraph at lines 170--170
[]|\TU/DejaVuSerif(0)/m/n/12 Gắn metadata
 []


Underfull \hbox (badness 10000) in paragraph at lines 170--170
[]|\TU/DejaVuSerif(0)/m/n/12 Chunks + document
 []


Underfull \hbox (badness 10000) in paragraph at lines 172--172
[]|\TU/DejaVuSerif(0)/m/n/12 Tạo chỉ mục
 []


Underfull \hbox (badness 10000) in paragraph at lines 173--173
[]|\TU/DejaVuSerif(0)/m/n/12 Xây concept
 []


Underfull \hbox (badness 10000) in paragraph at lines 173--174
[]|\TU/DejaVuSerif(0)/m/n/12 Tập khái niệm, định
 []


Underfull \hbox (badness 10000) in paragraph at lines 173--174
\TU/DejaVuSerif(0)/m/n/12 nghĩa, từ khóa học
 []


Underfull \hbox (badness 10000) in paragraph at lines 174--174
[]|\TU/DejaVuSerif(0)/m/n/12 Xây relation
 []


Underfull \hbox (badness 4242) in paragraph at lines 174--175
[]|\TU/DejaVuSerif(0)/m/n/12 Đồ thị quan hệ khái
 []


Underfull \hbox (badness 5924) in paragraph at lines 174--175
\TU/DejaVuSerif(0)/m/n/12 niệm / prerequisite /
 []


Underfull \hbox (badness 10000) in paragraph at lines 175--175
[]|\TU/DejaVuSerif(0)/m/n/12 Dense + sparse +
 []


Underfull \hbox (badness 10000) in paragraph at lines 176--176
[]|\TU/DejaVuSerif(0)/m/n/12 Nhận query
 []


Underfull \hbox (badness 10000) in paragraph at lines 176--177
[]|\TU/DejaVuSerif(0)/m/n/12 Query request chuẩn
 []


Underfull \hbox (badness 10000) in paragraph at lines 177--177
[]|\TU/DejaVuSerif(0)/m/n/12 Query
 []


Underfull \hbox (badness 10000) in paragraph at lines 177--178
[]|\TU/DejaVuSerif(0)/m/n/12 Query type, intent,
 []


Underfull \hbox (badness 10000) in paragraph at lines 178--178
[]|\TU/DejaVuSerif(0)/m/n/12 Query
 []


Underfull \hbox (badness 10000) in paragraph at lines 179--179
[]|\TU/DejaVuSerif(0)/m/n/12 Hybrid retrieval
 []


Underfull \hbox (badness 10000) in paragraph at lines 179--180
[]|\TU/DejaVuSerif(0)/m/n/12 Danh sách candidate
 []


Underfull \hbox (badness 10000) in paragraph at lines 180--180
[]|\TU/DejaVuSerif(0)/m/n/12 Merge, dedupe,
 []


Underfull \hbox (badness 10000) in paragraph at lines 181--181
[]|\TU/DejaVuSerif(0)/m/n/12 Reasoning
 []


Underfull \hbox (badness 3884) in paragraph at lines 181--182
[]|\TU/DejaVuSerif(0)/m/n/12 Câu trả lời sơ bộ +
 []


Underfull \hbox (badness 10000) in paragraph at lines 182--182
[]|\TU/DejaVuSerif(0)/m/n/12 Draft answer +
 []


Underfull \hbox (badness 1881) in paragraph at lines 182--183
[]|\TU/DejaVuSerif(0)/m/n/12 Final answer đã kiểm
 []


Underfull \hbox (badness 10000) in paragraph at lines 183--183
[]|\TU/DejaVuSerif(0)/m/n/12 Logging và
 []


Underfull \hbox (badness 10000) in paragraph at lines 184--184
[]|\TU/DejaVuSerif(0)/m/n/12 API và
 []


Underfull \hbox (badness 1127) in paragraph at lines 184--185
[]|\TU/DejaVuSerif(0)/m/n/12 Dịch vụ backend chạy
 []


Underfull \hbox (badness 10000) in paragraph at lines 185--186
[]|\TU/DejaVuSerif(0)/m/n/12 Báo cáo chất lượng
 []


Underfull \hbox (badness 1874) in paragraph at lines 186--187
[]|\TU/DejaVuSerif(0)/m/n/12 Môi trường triển khai
 []


Overfull \hbox (1.89572pt too wide) in paragraph at lines 186--187
\TU/DejaVuSerif(0)/m/n/12 local/staging/production| 
 []


Overfull \hbox (10.21382pt too wide) in alignment at lines 162--188
 [] [] [] [] 
 []

c:/Users/admin/HCMUT/Project/RAG/Main/plan/rag.tex:188: ignored error: Infinite glue shrinkage found in box being split [3] [4]
Underfull \hbox (badness 10000) in paragraph at lines 209--215

 []

[5]
Underfull \hbox (badness 1043) in paragraph at lines 259--265
\TU/DejaVuSerif(0)/b/n/12 Module / file nên có: \TU/DejaVuSansMono(0)/m/n/12 app/schemas/*.py\TU/DejaVuSerif(0)/m/n/12 , \TU/DejaVuSansMono(0)/m/n/12 docs/data_contracts.md\TU/DejaVuSerif(0)/m/n/12 ,
 []


Underfull \hbox (badness 10000) in paragraph at lines 259--265

 []

[6] [7]
Underfull \hbox (badness 10000) in paragraph at lines 312--318

 []

[8]
Underfull \hbox (badness 2035) in paragraph at lines 353--359
\TU/DejaVuSerif(0)/b/n/12 Input: \TU/DejaVuSerif(0)/m/n/12 Schema dữ liệu, service map, pipeline ingestion và pipeline
 []


Underfull \hbox (badness 10000) in paragraph at lines 353--359
\TU/DejaVuSerif(0)/b/n/12 Module / file nên có: \TU/DejaVuSansMono(0)/m/n/12 README.md\TU/DejaVuSerif(0)/m/n/12 , \TU/DejaVuSansMono(0)/m/n/12 pyproject.toml \TU/DejaVuSerif(0)/m/n/12 hoặc
 []


Underfull \hbox (badness 10000) in paragraph at lines 353--359
\TU/DejaVuSansMono(0)/m/n/12 requirements.txt\TU/DejaVuSerif(0)/m/n/12 , \TU/DejaVuSansMono(0)/m/n/12 app/\TU/DejaVuSerif(0)/m/n/12 , \TU/DejaVuSansMono(0)/m/n/12 scripts/\TU/DejaVuSerif(0)/m/n/12 , \TU/DejaVuSansMono(0)/m/n/12 tests/\TU/DejaVuSerif(0)/m/n/12 , \TU/DejaVuSansMono(0)/m/n/12 docs/\TU/DejaVuSerif(0)/m/n/12 , \TU/DejaVuSansMono(0)/m/n/12 deploy/\TU/DejaVuSerif(0)/m/n/12 ,
 []


Underfull \hbox (badness 10000) in paragraph at lines 353--359

 []


Underfull \hbox (badness 1769) in paragraph at lines 579--580
[]\TU/DejaVuSansMono(0)/b/n/12 app/ingestion/\TU/DejaVuSerif(0)/m/n/12 : mọi logic offline từ parse, clean, chunk, build
 []


Underfull \hbox (badness 2005) in paragraph at lines 587--588
[]\TU/DejaVuSansMono(0)/b/n/12 app/evaluation/\TU/DejaVuSerif(0)/m/n/12 : mã đánh giá chất lượng retrieval, reasoning,
 []


Underfull \hbox (badness 1043) in paragraph at lines 597--598
[]\TU/DejaVuSansMono(0)/m/n/12 README.md\TU/DejaVuSerif(0)/m/n/12 : mô tả dự án, cách chạy local, kiến trúc tổng quan,
 []


Underfull \hbox (badness 10000) in paragraph at lines 599--600
[]\TU/DejaVuSansMono(0)/m/n/12 docker-compose.yml\TU/DejaVuSerif(0)/m/n/12 : khởi tạo local stack gồm API, Qdrant,
 []


Underfull \hbox (badness 2521) in paragraph at lines 617--617
[]|\TU/DejaVuSerif(0)/b/n/12 Giai đoạn nghiệp
 []


Underfull \hbox (badness 4120) in paragraph at lines 620--620
[]|\TU/DejaVuSerif(0)/m/n/12 Upload và lưu file
 []


Underfull \hbox (badness 10000) in paragraph at lines 620--620
[]|\TU/DejaVuSansMono(0)/m/n/12 app/api\TU/DejaVuSerif(0)/m/n/12 ,
 []


Underfull \hbox (badness 10000) in paragraph at lines 620--621
[]|\TU/DejaVuSansMono(0)/m/n/12 routes_documents.py\TU/DejaVuSerif(0)/m/n/12 ,
 []


Underfull \hbox (badness 10000) in paragraph at lines 620--621
\TU/DejaVuSansMono(0)/m/n/12 file_manager.py\TU/DejaVuSerif(0)/m/n/12 ,
 []


Underfull \hbox (badness 10000) in paragraph at lines 621--622
[]|\TU/DejaVuSansMono(0)/m/n/12 parser_pdf.py\TU/DejaVuSerif(0)/m/n/12 ,
 []


Underfull \hbox (badness 10000) in paragraph at lines 621--622
\TU/DejaVuSansMono(0)/m/n/12 cleaner.py\TU/DejaVuSerif(0)/m/n/12 ,
 []


Underfull \hbox (badness 10000) in paragraph at lines 621--622
\TU/DejaVuSansMono(0)/m/n/12 chunker.py\TU/DejaVuSerif(0)/m/n/12 ,
 []


Overfull \hbox (3.07314pt too wide) in paragraph at lines 622--623
[]|\TU/DejaVuSansMono(0)/m/n/12 concept_extractor.py\TU/DejaVuSerif(0)/m/n/12 ,
 []


Underfull \hbox (badness 10000) in paragraph at lines 623--623
[]|\TU/DejaVuSerif(0)/m/n/12 Hiểu truy vấn và
 []


Underfull \hbox (badness 10000) in paragraph at lines 623--624
[]|\TU/DejaVuSansMono(0)/m/n/12 query_classifier.py\TU/DejaVuSerif(0)/m/n/12 ,
 []


Underfull \hbox (badness 10000) in paragraph at lines 623--624
\TU/DejaVuSansMono(0)/m/n/12 hybrid_retriever.py\TU/DejaVuSerif(0)/m/n/12 ,
 []


Underfull \hbox (badness 10000) in paragraph at lines 624--625
[]|\TU/DejaVuSansMono(0)/m/n/12 synthesizer.py\TU/DejaVuSerif(0)/m/n/12 ,
 []


Underfull \hbox (badness 10000) in paragraph at lines 624--625
\TU/DejaVuSansMono(0)/m/n/12 answer_generator.py\TU/DejaVuSerif(0)/m/n/12 ,
 []


Underfull \hbox (badness 10000) in paragraph at lines 625--626
[]|\TU/DejaVuSansMono(0)/m/n/12 claim_checker.py\TU/DejaVuSerif(0)/m/n/12 ,
 []


Underfull \hbox (badness 10000) in paragraph at lines 626--626
[]|\TU/DejaVuSansMono(0)/m/n/12 app/evaluation\TU/DejaVuSerif(0)/m/n/12 ,
 []


Underfull \hbox (badness 10000) in paragraph at lines 626--627
[]|\TU/DejaVuSansMono(0)/m/n/12 ragas_runner.py\TU/DejaVuSerif(0)/m/n/12 ,
 []


Underfull \hbox (badness 10000) in paragraph at lines 626--627
\TU/DejaVuSansMono(0)/m/n/12 benchmark.py\TU/DejaVuSerif(0)/m/n/12 ,
 []


Underfull \hbox (badness 10000) in paragraph at lines 627--627
[]|\TU/DejaVuSansMono(0)/m/n/12 deploy\TU/DejaVuSerif(0)/m/n/12 ,
 []


Underfull \hbox (badness 10000) in paragraph at lines 627--628
[]|\TU/DejaVuSansMono(0)/m/n/12 nginx.conf\TU/DejaVuSerif(0)/m/n/12 , \TU/DejaVuSansMono(0)/m/n/12 ci.yml\TU/DejaVuSerif(0)/m/n/12 ,
 []


Underfull \hbox (badness 10000) in paragraph at lines 635--637
\TU/DejaVuSansMono(0)/m/n/12 feature/document-upload\TU/DejaVuSerif(0)/m/n/12 , \TU/DejaVuSansMono(0)/m/n/12 feature/hybrid-retrieval\TU/DejaVuSerif(0)/m/n/12 ,
 []

[9] [10] [11] [12] [13] [14] [15] [16]
Underfull \hbox (badness 10000) in paragraph at lines 675--681
\TU/DejaVuSerif(0)/b/n/12 Module / file nên có: \TU/DejaVuSansMono(0)/m/n/12 app/api/routes_documents.py\TU/DejaVuSerif(0)/m/n/12 ,
 []


Underfull \hbox (badness 10000) in paragraph at lines 675--681

 []

[17]
Underfull \hbox (badness 10000) in paragraph at lines 703--709
\TU/DejaVuSerif(0)/b/n/12 Module / file nên có: \TU/DejaVuSansMono(0)/m/n/12 app/ingestion/parser_docling.py\TU/DejaVuSerif(0)/m/n/12 ,
 []


Underfull \hbox (badness 10000) in paragraph at lines 703--709
\TU/DejaVuSansMono(0)/m/n/12 app/ingestion/parser_pdf.py\TU/DejaVuSerif(0)/m/n/12 , \TU/DejaVuSansMono(0)/m/n/12 app/ingestion/parser_docx.py\TU/DejaVuSerif(0)/m/n/12 ,
 []


Underfull \hbox (badness 10000) in paragraph at lines 703--709

 []

[18] [19]
Underfull \hbox (badness 10000) in paragraph at lines 746--752
\TU/DejaVuSerif(0)/b/n/12 Module / file nên có: \TU/DejaVuSansMono(0)/m/n/12 app/ingestion/cleaner.py\TU/DejaVuSerif(0)/m/n/12 ,
 []


Underfull \hbox (badness 10000) in paragraph at lines 746--752

 []


Underfull \hbox (badness 10000) in paragraph at lines 771--777
\TU/DejaVuSerif(0)/b/n/12 Module / file nên có: \TU/DejaVuSansMono(0)/m/n/12 app/ingestion/chunker.py\TU/DejaVuSerif(0)/m/n/12 ,
 []


Underfull \hbox (badness 10000) in paragraph at lines 771--777

 []

[20]
Underfull \hbox (badness 3482) in paragraph at lines 801--807
\TU/DejaVuSerif(0)/b/n/12 Xử lý chính: \TU/DejaVuSerif(0)/m/n/12 Gắn user_id, subject, chapter, section, content_type,
 []


Underfull \hbox (badness 10000) in paragraph at lines 801--807
\TU/DejaVuSerif(0)/b/n/12 Module / file nên có: \TU/DejaVuSansMono(0)/m/n/12 app/ingestion/metadata.py\TU/DejaVuSerif(0)/m/n/12 ,
 []


Underfull \hbox (badness 10000) in paragraph at lines 801--807

 []

[21]
Underfull \hbox (badness 10000) in paragraph at lines 819--825
\TU/DejaVuSerif(0)/b/n/12 Module / file nên có: \TU/DejaVuSansMono(0)/m/n/12 app/retrieval/embedder.py\TU/DejaVuSerif(0)/m/n/12 ,
 []


Underfull \hbox (badness 10000) in paragraph at lines 819--825

 []


Underfull \hbox (badness 10000) in paragraph at lines 844--850
\TU/DejaVuSerif(0)/b/n/12 Module / file nên có: \TU/DejaVuSansMono(0)/m/n/12 app/retrieval/sparse_index.py\TU/DejaVuSerif(0)/m/n/12 ,
 []


Underfull \hbox (badness 10000) in paragraph at lines 844--850

 []

[22]
Underfull \hbox (badness 10000) in paragraph at lines 862--868
\TU/DejaVuSerif(0)/b/n/12 Module / file nên có: \TU/DejaVuSansMono(0)/m/n/12 app/knowledge/concept_extractor.py\TU/DejaVuSerif(0)/m/n/12 ,
 []


Underfull \hbox (badness 10000) in paragraph at lines 862--868

 []

[23]
Underfull \hbox (badness 10000) in paragraph at lines 890--896
\TU/DejaVuSerif(0)/b/n/12 Module / file nên có: \TU/DejaVuSansMono(0)/m/n/12 app/knowledge/relation_graph.py\TU/DejaVuSerif(0)/m/n/12 ,
 []


Underfull \hbox (badness 10000) in paragraph at lines 890--896

 []

[24]
Underfull \hbox (badness 1565) in paragraph at lines 916--922
\TU/DejaVuSerif(0)/b/n/12 Input: \TU/DejaVuSerif(0)/m/n/12 Dense vectors từ bước 9, sparse representation từ bước 10,
 []


Underfull \hbox (badness 10000) in paragraph at lines 916--922
\TU/DejaVuSerif(0)/b/n/12 Module / file nên có: \TU/DejaVuSansMono(0)/m/n/12 app/retrieval/vector_store.py\TU/DejaVuSerif(0)/m/n/12 ,
 []


Underfull \hbox (badness 10000) in paragraph at lines 916--922

 []


Underfull \hbox (badness 10000) in paragraph at lines 950--956
\TU/DejaVuSerif(0)/b/n/12 Module / file nên có: \TU/DejaVuSansMono(0)/m/n/12 app/api/routes_chat.py\TU/DejaVuSerif(0)/m/n/12 ,
 []


Underfull \hbox (badness 10000) in paragraph at lines 950--956

 []

[25]
Underfull \hbox (badness 1748) in paragraph at lines 971--977
\TU/DejaVuSerif(0)/m/n/12 why-question, problem-solving, contradiction-checking, summary, quiz-
 []


Underfull \hbox (badness 10000) in paragraph at lines 971--977
\TU/DejaVuSerif(0)/b/n/12 Module / file nên có: \TU/DejaVuSansMono(0)/m/n/12 app/reasoning/query_classifier.py\TU/DejaVuSerif(0)/m/n/12 ,
 []


Underfull \hbox (badness 10000) in paragraph at lines 971--977

 []

[26]
Underfull \hbox (badness 10000) in paragraph at lines 991--997
\TU/DejaVuSerif(0)/b/n/12 Module / file nên có: \TU/DejaVuSansMono(0)/m/n/12 app/reasoning/query_decomposer.py\TU/DejaVuSerif(0)/m/n/12 ,
 []


Underfull \hbox (badness 10000) in paragraph at lines 991--997

 []


Underfull \hbox (badness 7256) in paragraph at lines 1019--1020
[]\TU/DejaVuSerif(0)/m/n/12 Nếu dùng planner dạng agent, phải đặt giới hạn số vòng
 []

[27]
Underfull \hbox (badness 10000) in paragraph at lines 1024--1030
\TU/DejaVuSerif(0)/b/n/12 Module / file nên có: \TU/DejaVuSansMono(0)/m/n/12 app/retrieval/retriever.py\TU/DejaVuSerif(0)/m/n/12 ,
 []


Overfull \hbox (14.88934pt too wide) in paragraph at lines 1024--1030
\TU/DejaVuSansMono(0)/m/n/12 app/retrieval/hybrid_retriever.py\TU/DejaVuSerif(0)/m/n/12 , \TU/DejaVuSansMono(0)/m/n/12 app/retrieval/query_expander.py 
 []


Underfull \hbox (badness 10000) in paragraph at lines 1024--1030

 []

[28]
Underfull \hbox (badness 10000) in paragraph at lines 1060--1066
\TU/DejaVuSerif(0)/b/n/12 Module / file nên có: \TU/DejaVuSansMono(0)/m/n/12 app/retrieval/reranker.py\TU/DejaVuSerif(0)/m/n/12 ,
 []


Underfull \hbox (badness 10000) in paragraph at lines 1060--1066

 []


Underfull \hbox (badness 10000) in paragraph at lines 1094--1100
\TU/DejaVuSerif(0)/b/n/12 Module / file nên có: \TU/DejaVuSansMono(0)/m/n/12 app/reasoning/synthesizer.py\TU/DejaVuSerif(0)/m/n/12 ,
 []


Underfull \hbox (badness 10000) in paragraph at lines 1094--1100

 []

[29]
Underfull \hbox (badness 10000) in paragraph at lines 1124--1130
\TU/DejaVuSerif(0)/b/n/12 Module / file nên có: \TU/DejaVuSansMono(0)/m/n/12 app/verification/verifier.py\TU/DejaVuSerif(0)/m/n/12 ,
 []


Overfull \hbox (7.66473pt too wide) in paragraph at lines 1124--1130
\TU/DejaVuSansMono(0)/m/n/12 app/verification/claim_checker.py\TU/DejaVuSerif(0)/m/n/12 , \TU/DejaVuSansMono(0)/m/n/12 app/evaluation/ragas_runner.py 
 []


Underfull \hbox (badness 10000) in paragraph at lines 1124--1130

 []

[30]
Underfull \hbox (badness 10000) in paragraph at lines 1152--1158
\TU/DejaVuSerif(0)/b/n/12 Module / file nên có: \TU/DejaVuSansMono(0)/m/n/12 app/db/logging.py\TU/DejaVuSerif(0)/m/n/12 ,
 []


Underfull \hbox (badness 10000) in paragraph at lines 1152--1158

 []

[31]
Underfull \hbox (badness 10000) in paragraph at lines 1173--1179
\TU/DejaVuSerif(0)/b/n/12 Module / file nên có: \TU/DejaVuSansMono(0)/m/n/12 app/api/main.py\TU/DejaVuSerif(0)/m/n/12 , \TU/DejaVuSansMono(0)/m/n/12 app/services/*.py\TU/DejaVuSerif(0)/m/n/12 ,
 []


Underfull \hbox (badness 10000) in paragraph at lines 1173--1179

 []

[32]
Underfull \hbox (badness 10000) in paragraph at lines 1206--1212
\TU/DejaVuSerif(0)/b/n/12 Xử lý chính: \TU/DejaVuSerif(0)/m/n/12 Xây benchmark dataset, chấm hit-rate, context
 []


Underfull \hbox (badness 10000) in paragraph at lines 1206--1212
\TU/DejaVuSerif(0)/b/n/12 Module / file nên có: \TU/DejaVuSansMono(0)/m/n/12 app/evaluation/dataset_builder.py\TU/DejaVuSerif(0)/m/n/12 ,
 []


Underfull \hbox (badness 10000) in paragraph at lines 1206--1212

 []


Underfull \hbox (badness 10000) in paragraph at lines 1234--1240

 []

[33] [34]
Underfull \hbox (badness 7203) in paragraph at lines 1292--1293
[]|\TU/DejaVuSerif(0)/m/n/12 Bước 14, 15, 16. Hoàn thành query understanding và
 []

[35]
Overfull \hbox (9.67245pt too wide) in paragraph at lines 1342--1342
|[]\TU/DejaVuSerif(0)/b/n/14.4 Điều chỉnh cho Bước 5 và Bước 6 – Parsing và Normalize| 
 []

[36]
Overfull \hbox (6.77458pt too wide) in paragraph at lines 1347--1348
[]\TU/DejaVuSerif(0)/b/n/12 LayoutLM \TU/DejaVuSerif(0)/m/n/12 hoặc các mô hình vision-language cho document understanding
 []

[37] [38]
Overfull \hbox (28.03119pt too wide) in paragraph at lines 1404--1405
[]\TU/DejaVuSerif(0)/b/n/12 Offline evaluation\TU/DejaVuSerif(0)/m/n/12 : dùng Ragas hoặc công cụ tương tự để đo Faithfulness,
 []

[39] [40] [41]
Overfull \hbox (13.90927pt too wide) in paragraph at lines 1530--1531
[]\TU/DejaVuSerif(0)/m/n/12 Dùng query decomposition, evidence set, reasoning synthesis và verification 
 []

[42] 
enddocument/afterlastpage (AED): lastpage setting LastPage.
(./rag.aux)
 ***********
LaTeX2e <2025-11-01>
L3 programming layer <2025-11-14>
 ***********
Package rerunfilecheck Info: File `rag.out' has not changed.
(rerunfilecheck)             Checksum: 7E1B5159ED0728A9A74D3B12DA0E63DA;9222.
 ) 
Here is how much of TeX's memory you used:
 29537 strings out of 468179
 619259 string characters out of 5436883
 1358876 words of memory out of 5000000
 57764 multiletter control sequences out of 15000+600000
 633110 words of font info for 107 fonts, out of 8000000 for 9000
 1348 hyphenation exceptions out of 8191
 116i,12n,121p,638b,1829s stack positions out of 10000i,1000n,20000p,200000b,200000s

Output written on rag.xdv (43 pages, 1044736 bytes).
