\BOOKMARK [1][-]{section.1}{\376\377\000T\036\325\000n\000g\000\040\000q\000u\000a\000n\000\040\000b\000\340\000i\000\040\000t\000o\000\341\000n}{}% 1
\BOOKMARK [1][-]{section.2}{\376\377\000B\036\351\000c\000\040\000t\000r\000a\000n\000h\000\040\000t\000o\000\340\000n\000\040\000b\036\331\000\040\000p\000i\000p\000e\000l\000i\000n\000e}{}% 2
\BOOKMARK [1][-]{section.3}{\376\377\000C\000h\000u\036\251\000n\000\040\001\021\036\247\000u\000\040\000v\000\340\000o\000\040\000v\000\340\000\040\001\021\036\247\000u\000\040\000r\000a\000\040\000c\036\247\000n\000\040\000t\000h\036\321\000n\000g\000\040\000n\000h\036\245\000t\000\040\000t\036\353\000\040\001\021\036\247\000u}{}% 3
\BOOKMARK [2][-]{subsection.3.1}{\376\377\001\020\036\247\000u\000\040\000v\000\340\000o\000\040\000g\036\321\000c\000\040\000c\036\347\000a\000\040\000t\000o\000\340\000n\000\040\000h\036\307\000\040\000t\000h\036\321\000n\000g}{section.3}% 4
\BOOKMARK [2][-]{subsection.3.2}{\376\377\001\020\036\247\000u\000\040\000r\000a\000\040\000c\000u\036\321\000i\000\040\000c\000\371\000n\000g\000\040\000c\036\347\000a\000\040\000t\000o\000\340\000n\000\040\000h\036\307\000\040\000t\000h\036\321\000n\000g}{section.3}% 5
\BOOKMARK [1][-]{section.4}{\376\377\000G\000i\000a\000i\000\040\001\021\000o\036\241\000n\000\040\000A\000\040\040\023\000\040\000K\000h\036\337\000i\000\040\000t\036\241\000o\000\040\000b\000\340\000i\000\040\000t\000o\000\341\000n\000\040\000v\000\340\000\040\000t\000h\000i\036\277\000t\000\040\000k\036\277\000\040\000n\036\301\000n\000\040\000t\036\243\000n\000g}{}% 6
\BOOKMARK [2][-]{subsection.4.1}{\376\377\000C\036\245\000u\000\040\000t\000r\000\372\000c\000\040\000d\036\361\000\040\000\341\000n\000\040\000d\036\361\000\040\000k\000i\036\277\000n\000\040\000t\000r\000\352\000n\000\040\000G\000i\000t\000H\000u\000b}{section.4}% 7
\BOOKMARK [1][-]{section.5}{\376\377\000G\000i\000a\000i\000\040\001\021\000o\036\241\000n\000\040\000B\000\040\040\023\000\040\000X\000\342\000y\000\040\000d\036\361\000n\000g\000\040\000k\000n\000o\000w\000l\000e\000d\000g\000e\000\040\000b\000a\000s\000e\000\040\000t\036\353\000\040\000t\000\340\000i\000\040\000l\000i\036\307\000u\000\040\000g\036\321\000c}{}% 8
\BOOKMARK [1][-]{section.6}{\376\377\000G\000i\000a\000i\000\040\001\021\000o\036\241\000n\000\040\000C\000\040\040\023\000\040\000L\000\340\000m\000\040\000k\000n\000o\000w\000l\000e\000d\000g\000e\000\040\000b\000a\000s\000e\000\040\000t\000h\000\364\000n\000g\000\040\000m\000i\000n\000h\000\040\000h\001\241\000n\000\040\000v\000e\000c\000t\000o\000r\000\040\000s\000e\000a\000r\000c\000h\000\040\000t\000h\000u\036\247\000n\000\040\000t\000\372\000y}{}% 9
\BOOKMARK [1][-]{section.7}{\376\377\000G\000i\000a\000i\000\040\001\021\000o\036\241\000n\000\040\000D\000\040\040\023\000\040\000O\000n\000l\000i\000n\000e\000\040\000p\000i\000p\000e\000l\000i\000n\000e\000\040\000c\000h\000o\000\040\000c\000\342\000u\000\040\000h\036\317\000i\000\040\000c\000\363\000\040\000s\000u\000y\000\040\000l\000u\036\255\000n}{}% 10
\BOOKMARK [1][-]{section.8}{\376\377\000G\000i\000a\000i\000\040\001\021\000o\036\241\000n\000\040\000E\000\040\040\023\000\040\000O\000r\000c\000h\000e\000s\000t\000r\000a\000t\000i\000o\000n\000,\000\040\000A\000P\000I\000,\000\040\001\021\000\341\000n\000h\000\040\000g\000i\000\341\000\040\000v\000\340\000\040\000t\000r\000i\036\303\000n\000\040\000k\000h\000a\000i}{}% 11
\BOOKMARK [1][-]{section.9}{\376\377\000M\036\321\000i\000\040\000l\000i\000\352\000n\000\040\000h\036\307\000\040\000i\000n\000p\000u\000t\000-\000o\000u\000t\000p\000u\000t\000\040\000g\000i\036\357\000a\000\040\000c\000\341\000c\000\040\000b\001\260\036\333\000c}{}% 12
\BOOKMARK [2][-]{subsection.9.1}{\376\377\000C\000h\000u\036\327\000i\000\040\000o\000f\000f\000l\000i\000n\000e}{section.9}% 13
\BOOKMARK [2][-]{subsection.9.2}{\376\377\000C\000h\000u\036\327\000i\000\040\000o\000n\000l\000i\000n\000e}{section.9}% 14
\BOOKMARK [1][-]{section.10}{\376\377\000K\036\277\000\040\000h\000o\036\241\000c\000h\000\040\000t\000r\000i\036\303\000n\000\040\000k\000h\000a\000i\000\040\001\021\036\301\000\040\000x\000u\036\245\000t\000\040\000t\000h\000e\000o\000\040\000t\000u\036\247\000n}{}% 15
\BOOKMARK [1][-]{section.11}{\376\377\000D\000e\000f\000i\000n\000i\000t\000i\000o\000n\000\040\000o\000f\000\040\000D\000o\000n\000e\000\040\000c\000h\000o\000\040\000t\036\353\000n\000g\000\040\000l\036\333\000p\000\040\000h\036\307\000\040\000t\000h\036\321\000n\000g}{}% 16
\BOOKMARK [2][-]{subsection.11.1}{\376\377\000O\000f\000f\000l\000i\000n\000e\000\040\000i\000n\000g\000e\000s\000t\000i\000o\000n\000\040\000h\000o\000\340\000n\000\040\000t\000h\000\340\000n\000h\000\040\000k\000h\000i\000\040\000n\000\340\000o\000?}{section.11}% 17
\BOOKMARK [2][-]{subsection.11.2}{\376\377\000R\000e\000t\000r\000i\000e\000v\000a\000l\000\040\000h\000o\000\340\000n\000\040\000t\000h\000\340\000n\000h\000\040\000k\000h\000i\000\040\000n\000\340\000o\000?}{section.11}% 18
\BOOKMARK [2][-]{subsection.11.3}{\376\377\000R\000e\000a\000s\000o\000n\000i\000n\000g\000\040\000p\000i\000p\000e\000l\000i\000n\000e\000\040\000h\000o\000\340\000n\000\040\000t\000h\000\340\000n\000h\000\040\000k\000h\000i\000\040\000n\000\340\000o\000?}{section.11}% 19
\BOOKMARK [1][-]{section.12}{\376\377\000N\000h\036\357\000n\000g\000\040\000l\036\327\000i\000\040\000k\000i\036\277\000n\000\040\000t\000r\000\372\000c\000\040\000t\000h\001\260\036\335\000n\000g\000\040\000g\036\267\000p\000\040\000c\036\247\000n\000\040\000t\000r\000\341\000n\000h}{}% 20
\BOOKMARK [1][-]{section.13}{\376\377\001\020\000i\036\301\000u\000\040\000c\000h\036\311\000n\000h\000\040\000k\036\371\000\040\000t\000h\000u\036\255\000t\000\040\000m\036\337\000\040\000r\036\331\000n\000g\000\040\000t\000h\000e\000o\000\040\000g\000\363\000p\000\040\000\375\000\040\000t\000r\000i\036\303\000n\000\040\000k\000h\000a\000i}{}% 21
\BOOKMARK [2][-]{subsection.13.1}{\376\377\001\020\000i\036\301\000u\000\040\000c\000h\036\311\000n\000h\000\040\000c\000h\000o\000\040\000B\001\260\036\333\000c\000\040\0005\000\040\000v\000\340\000\040\000B\001\260\036\333\000c\000\040\0006\000\040\040\023\000\040\000P\000a\000r\000s\000i\000n\000g\000\040\000v\000\340\000\040\000N\000o\000r\000m\000a\000l\000i\000z\000e}{section.13}% 22
\BOOKMARK [2][-]{subsection.13.2}{\376\377\001\020\000i\036\301\000u\000\040\000c\000h\036\311\000n\000h\000\040\000c\000h\000o\000\040\000B\001\260\036\333\000c\000\040\0001\0001\000\040\000v\000\340\000\040\000B\001\260\036\333\000c\000\040\0001\0002\000\040\040\023\000\040\000C\000o\000n\000c\000e\000p\000t\000\040\000i\000n\000d\000e\000x\000,\000\040\000r\000e\000l\000a\000t\000i\000o\000n\000\040\000g\000r\000a\000p\000h\000\040\000v\000\340\000\040\000h\001\260\036\333\000n\000g\000\040\000G\000r\000a\000p\000h\000R\000A\000G}{section.13}% 23
\BOOKMARK [2][-]{subsection.13.3}{\376\377\001\020\000i\036\301\000u\000\040\000c\000h\036\311\000n\000h\000\040\000c\000h\000o\000\040\000B\001\260\036\333\000c\000\040\0001\0005\000,\000\040\000B\001\260\036\333\000c\000\040\0001\0006\000\040\000v\000\340\000\040\000B\001\260\036\333\000c\000\040\0001\0007\000\040\040\023\000\040\000A\000g\000e\000n\000t\000i\000c\000\040\000A\000I\000\040\000v\000\340\000\040\000R\000e\000A\000c\000t\000\040\000p\000l\000a\000n\000n\000e\000r}{section.13}% 24
\BOOKMARK [2][-]{subsection.13.4}{\376\377\001\020\000i\036\301\000u\000\040\000c\000h\036\311\000n\000h\000\040\000c\000h\000o\000\040\000B\001\260\036\333\000c\000\040\0002\0000\000\040\000v\000\340\000\040\000B\001\260\036\333\000c\000\040\0002\0003\000\040\040\023\000\040\000V\000e\000r\000i\000f\000i\000c\000a\000t\000i\000o\000n\000,\000\040\000S\000e\000l\000f\000-\000R\000A\000G\000\040\000v\000\340\000\040\000R\000a\000g\000a\000s}{section.13}% 25
\BOOKMARK [2][-]{subsection.13.5}{\376\377\000C\000\341\000c\000\040\000t\000h\000\341\000c\000h\000\040\000t\000h\036\351\000c\000\040\001\021\036\267\000c\000\040\000t\000h\000\371\000\040\000v\036\333\000i\000\040\000d\036\357\000\040\000l\000i\036\307\000u\000\040\000B\000\341\000c\000h\000\040\000K\000h\000o\000a\000\040\000v\000\340\000\040\000t\000i\036\277\000n\000g\000\040\000V\000i\036\307\000t}{section.13}% 26
\BOOKMARK [1][-]{section.14}{\376\377\000P\000h\036\345\000\040\000l\036\345\000c\000\040\000A\000\040\040\023\000\040\000D\000a\000t\000a\000\040\000c\000o\000n\000t\000r\000a\000c\000t\000s\000\040\000k\000h\000u\000y\036\277\000n\000\040\000n\000g\000h\036\313}{}% 27
\BOOKMARK [2][-]{subsection.14.1}{\376\377\000Q\000u\000e\000r\000y\000A\000n\000a\000l\000y\000s\000i\000s}{section.14}% 28
\BOOKMARK [2][-]{subsection.14.2}{\376\377\000E\000v\000i\000d\000e\000n\000c\000e\000I\000t\000e\000m}{section.14}% 29
\BOOKMARK [2][-]{subsection.14.3}{\376\377\000F\000i\000n\000a\000l\000A\000n\000s\000w\000e\000r}{section.14}% 30
\BOOKMARK [1][-]{section.15}{\376\377\000P\000h\036\345\000\040\000l\036\345\000c\000\040\000B\000\040\040\023\000\040\000S\000k\000e\000l\000e\000t\000o\000n\000\040\000c\000o\000d\000e\000b\000a\000s\000e\000\040\000n\000\352\000n\000\040\000c\000\363}{}% 31
\BOOKMARK [1][-]{section.16}{\376\377\000K\036\277\000t\000\040\000l\000u\036\255\000n}{}% 32
